GraphGymModule(
  (model): GNN(
    (encoder): FeatureEncoder(
      (node_encoder): AtomEncoder(
        (atom_embedding_list): ModuleList(
          (0): Embedding(119, 300)
          (1): Embedding(4, 300)
          (2): Embedding(12, 300)
          (3): Embedding(12, 300)
          (4): Embedding(10, 300)
          (5): Embedding(6, 300)
          (6): Embedding(6, 300)
          (7): Embedding(2, 300)
          (8): Embedding(2, 300)
        )
      )
      (node_encoder_bn): BatchNorm1dNode(
        (bn): BatchNorm1d(300, eps=1e-05, momentum=0.1, affine=True, track_running_stats=True)
      )
      (edge_encoder): BondEncoder(
        (bond_embedding_list): ModuleList(
          (0): Embedding(5, 300)
          (1): Embedding(6, 300)
          (2): Embedding(2, 300)
        )
      )
      (edge_encoder_bn): BatchNorm1dNode(
        (bn): BatchNorm1d(300, eps=1e-05, momentum=0.1, affine=True, track_running_stats=True)
      )
    )
    (pre_mp): GeneralMultiLayer(
      (Layer_0): GeneralLayer(
        (layer): Linear(
          (model): Linear(300, 300, bias=False)
        )
        (post_layer): Sequential(
          (0): BatchNorm1d(300, eps=1e-05, momentum=0.1, affine=True, track_running_stats=True)
          (1): PReLU(num_parameters=1)
        )
      )
    )
    (mp): GNNStackStage(
      (layer0): GeneralLayer(
        (layer): GCNConv(
          (model): GCNConv(300, 300)
        )
        (post_layer): Sequential(
          (0): BatchNorm1d(300, eps=1e-05, momentum=0.1, affine=True, track_running_stats=True)
          (1): PReLU(num_parameters=1)
        )
      )
      (layer1): GeneralLayer(
        (layer): GCNConv(
          (model): GCNConv(300, 300)
        )
        (post_layer): Sequential(
          (0): BatchNorm1d(300, eps=1e-05, momentum=0.1, affine=True, track_running_stats=True)
          (1): PReLU(num_parameters=1)
        )
      )
    )
    (post_mp): GNNGraphHead(
      (layer_post_mp): MLP(
        (model): Sequential(
          (0): Linear(
            (model): Linear(300, 1, bias=True)
          )
        )
      )
    )
  )
)
accelerator: cuda
benchmark: False
bn:
  eps: 1e-05
  mom: 0.1
cfg_dest: config.yaml
custom_metrics: []
dataset:
  cache_load: False
  cache_save: False
  dir: ./datasets
  edge_dim: 128
  edge_encoder: True
  edge_encoder_bn: True
  edge_encoder_name: Bond
  edge_message_ratio: 0.8
  edge_negative_sampling_ratio: 1.0
  edge_train_mode: all
  encoder: True
  encoder_bn: True
  encoder_dim: 128
  encoder_name: db
  format: OGB
  label_column: none
  label_table: none
  location: local
  name: ogbg-molhiv
  node_encoder: True
  node_encoder_bn: True
  node_encoder_name: Atom
  remove_feature: False
  resample_disjoint: False
  resample_negative: False
  shuffle_split: True
  split: [0.8, 0.1, 0.1]
  split_mode: random
  task: graph
  task_type: classification
  to_undirected: False
  transductive: False
  transform: none
  tu_simple: True
delay:
  max_k: 10
  num_layers: 10
devices: None
gnn:
  act: prelu
  agg: mean
  att_final_linear: False
  att_final_linear_bn: False
  att_heads: 1
  batchnorm: True
  clear_feature: True
  dim_inner: 300
  dropout: 0.0
  head: graph
  keep_edge: 0.5
  l2norm: True
  layer_type: gcnconv
  layers_mp: 2
  layers_post_mp: 1
  layers_pre_mp: 1
  msg_direction: single
  normalize_adj: False
  self_msg: concat
  skip_every: 1
  stage_type: stack
gpu_mem: False
mem:
  inplace: False
metric_agg: argmax
metric_best: auto
model:
  edge_decoding: dot
  graph_pooling: add
  loss_fun: cross_entropy
  match_upper: True
  size_average: mean
  thresh: 0.5
  type: gnn
num_threads: 6
num_workers: 0
optim:
  base_lr: 0.01
  lr_decay: 0.1
  max_epoch: 20
  momentum: 0.9
  optimizer: adam
  scheduler: cos
  steps: [30, 60, 90]
  weight_decay: 0.0005
out_dir: my_results/vanilla_GCN_2_layer
print: both
round: 4
run_dir: my_results/vanilla_GCN_2_layer/0
seed: 1
share:
  dim_in: 9
  dim_out: 2
  num_splits: 3
tensorboard_agg: True
tensorboard_each_run: True
train:
  auto_resume: False
  batch_size: 128
  ckpt_clean: True
  ckpt_period: 100
  enable_ckpt: True
  epoch_resume: -1
  eval_period: 1
  iter_per_epoch: 32
  neighbor_sizes: [20, 15, 10, 5]
  node_per_graph: 32
  radius: extend
  sample_node: False
  sampler: full_batch
  skip_train_eval: False
  walk_length: 4
val:
  node_per_graph: 32
  radius: extend
  sample_node: False
  sampler: full_batch
view_emb: False
Num parameters: 329104
val: {'epoch': 0, 'loss': 1.3744, 'lr': 0.01, 'params': 329104, 'time_iter': 0.6194, 'accuracy': 0.0156, 'average_precision': 0.0156, 'precision': 0.0156, 'recall': 1.0, 'f1': 0.0308, 'auc': 0.7252}
val: {'epoch': 0, 'loss': 0.1395, 'lr': 0.0099, 'params': 329104, 'time_iter': 0.5219, 'accuracy': 0.9803, 'average_precision': 0.0197, 'precision': 0.0, 'recall': 0.0, 'f1': 0.0, 'auc': 0.347}
train: {'epoch': 0, 'eta': 34469.3079, 'loss': 0.2316, 'lr': 0.0099, 'params': 329104, 'time_iter': 7.0317, 'accuracy': 0.9565, 'average_precision': 0.0379, 'precision': 0.0726, 'recall': 0.0138, 'f1': 0.0232, 'auc': 0.4689}
val: {'epoch': 1, 'loss': 0.1372, 'lr': 0.0098, 'params': 329104, 'time_iter': 0.3571, 'accuracy': 0.9803, 'average_precision': 0.0197, 'precision': 0.0, 'recall': 0.0, 'f1': 0.0, 'auc': 0.6082}
train: {'epoch': 1, 'eta': 28822.975, 'loss': 0.1856, 'lr': 0.0098, 'params': 329104, 'time_iter': 5.3813, 'accuracy': 0.9624, 'average_precision': 0.0446, 'precision': 0.4565, 'recall': 0.017, 'f1': 0.0329, 'auc': 0.511}
val: {'epoch': 2, 'loss': 0.1091, 'lr': 0.0095, 'params': 329104, 'time_iter': 0.3513, 'accuracy': 0.9803, 'average_precision': 0.0197, 'precision': 0.0, 'recall': 0.0, 'f1': 0.0, 'auc': 0.4588}
train: {'epoch': 2, 'eta': 25977.843, 'loss': 0.161, 'lr': 0.0095, 'params': 329104, 'time_iter': 5.3557, 'accuracy': 0.9627, 'average_precision': 0.0537, 'precision': 0.5256, 'recall': 0.0333, 'f1': 0.0626, 'auc': 0.6156}
val: {'epoch': 3, 'loss': 0.1039, 'lr': 0.009, 'params': 329104, 'time_iter': 0.3591, 'accuracy': 0.9815, 'average_precision': 0.1049, 'precision': 0.6471, 'recall': 0.1358, 'f1': 0.2245, 'auc': 0.625}
train: {'epoch': 3, 'eta': 23866.0176, 'loss': 0.1526, 'lr': 0.009, 'params': 329104, 'time_iter': 5.3573, 'accuracy': 0.9629, 'average_precision': 0.059, 'precision': 0.5682, 'recall': 0.0406, 'f1': 0.0758, 'auc': 0.6491}
val: {'epoch': 4, 'loss': 0.111, 'lr': 0.0085, 'params': 329104, 'time_iter': 0.3675, 'accuracy': 0.9774, 'average_precision': 0.121, 'precision': 0.3929, 'recall': 0.2716, 'f1': 0.3212, 'auc': 0.7209}
train: {'epoch': 4, 'eta': 22105.0865, 'loss': 0.1502, 'lr': 0.0085, 'params': 329104, 'time_iter': 5.4336, 'accuracy': 0.9633, 'average_precision': 0.0633, 'precision': 0.6386, 'recall': 0.043, 'f1': 0.0806, 'auc': 0.6564}
val: {'epoch': 5, 'loss': 0.0893, 'lr': 0.0079, 'params': 329104, 'time_iter': 0.3516, 'accuracy': 0.981, 'average_precision': 0.056, 'precision': 1.0, 'recall': 0.037, 'f1': 0.0714, 'auc': 0.6752}
train: {'epoch': 5, 'eta': 20377.0554, 'loss': 0.1428, 'lr': 0.0079, 'params': 329104, 'time_iter': 5.2894, 'accuracy': 0.964, 'average_precision': 0.0852, 'precision': 0.6842, 'recall': 0.0739, 'f1': 0.1333, 'auc': 0.7017}
val: {'epoch': 6, 'loss': 0.0932, 'lr': 0.0073, 'params': 329104, 'time_iter': 0.3555, 'accuracy': 0.9808, 'average_precision': 0.0439, 'precision': 1.0, 'recall': 0.0247, 'f1': 0.0482, 'auc': 0.5912}
train: {'epoch': 6, 'eta': 18765.3106, 'loss': 0.1447, 'lr': 0.0073, 'params': 329104, 'time_iter': 5.3154, 'accuracy': 0.9633, 'average_precision': 0.0757, 'precision': 0.585, 'recall': 0.0698, 'f1': 0.1247, 'auc': 0.6924}
val: {'epoch': 7, 'loss': 0.0904, 'lr': 0.0065, 'params': 329104, 'time_iter': 0.3512, 'accuracy': 0.9798, 'average_precision': 0.1147, 'precision': 0.4722, 'recall': 0.2099, 'f1': 0.2906, 'auc': 0.6915}
train: {'epoch': 7, 'eta': 17271.3582, 'loss': 0.1402, 'lr': 0.0065, 'params': 329104, 'time_iter': 5.4645, 'accuracy': 0.9646, 'average_precision': 0.1, 'precision': 0.6964, 'recall': 0.095, 'f1': 0.1671, 'auc': 0.7096}
val: {'epoch': 8, 'loss': 0.0889, 'lr': 0.0058, 'params': 329104, 'time_iter': 0.3531, 'accuracy': 0.9815, 'average_precision': 0.0802, 'precision': 1.0, 'recall': 0.0617, 'f1': 0.1163, 'auc': 0.6155}
train: {'epoch': 8, 'eta': 15780.6163, 'loss': 0.1382, 'lr': 0.0058, 'params': 329104, 'time_iter': 5.4154, 'accuracy': 0.9644, 'average_precision': 0.0987, 'precision': 0.6667, 'recall': 0.0974, 'f1': 0.17, 'auc': 0.7212}
val: {'epoch': 9, 'loss': 0.0893, 'lr': 0.005, 'params': 329104, 'time_iter': 0.3511, 'accuracy': 0.982, 'average_precision': 0.1084, 'precision': 0.8182, 'recall': 0.1111, 'f1': 0.1957, 'auc': 0.6536}
train: {'epoch': 9, 'eta': 14311.4562, 'loss': 0.1367, 'lr': 0.005, 'params': 329104, 'time_iter': 5.4265, 'accuracy': 0.9643, 'average_precision': 0.0997, 'precision': 0.6462, 'recall': 0.1023, 'f1': 0.1766, 'auc': 0.7409}
val: {'epoch': 10, 'loss': 0.0844, 'lr': 0.0042, 'params': 329104, 'time_iter': 0.3518, 'accuracy': 0.982, 'average_precision': 0.1055, 'precision': 0.8889, 'recall': 0.0988, 'f1': 0.1778, 'auc': 0.6922}
train: {'epoch': 10, 'eta': 12849.6221, 'loss': 0.1361, 'lr': 0.0042, 'params': 329104, 'time_iter': 5.4017, 'accuracy': 0.9647, 'average_precision': 0.109, 'precision': 0.6715, 'recall': 0.1128, 'f1': 0.1932, 'auc': 0.74}
val: {'epoch': 11, 'loss': 0.0923, 'lr': 0.0035, 'params': 329104, 'time_iter': 0.3513, 'accuracy': 0.9805, 'average_precision': 0.0645, 'precision': 0.5385, 'recall': 0.0864, 'f1': 0.1489, 'auc': 0.6911}
train: {'epoch': 11, 'eta': 11414.3678, 'loss': 0.1352, 'lr': 0.0035, 'params': 329104, 'time_iter': 5.4901, 'accuracy': 0.9648, 'average_precision': 0.1134, 'precision': 0.6697, 'recall': 0.1201, 'f1': 0.2037, 'auc': 0.7421}
val: {'epoch': 12, 'loss': 0.1264, 'lr': 0.0027, 'params': 329104, 'time_iter': 0.363, 'accuracy': 0.9691, 'average_precision': 0.0895, 'precision': 0.2553, 'recall': 0.2963, 'f1': 0.2743, 'auc': 0.7282}
train: {'epoch': 12, 'eta': 9985.0108, 'loss': 0.1321, 'lr': 0.0027, 'params': 329104, 'time_iter': 5.5118, 'accuracy': 0.9649, 'average_precision': 0.1201, 'precision': 0.651, 'recall': 0.1347, 'f1': 0.2233, 'auc': 0.7612}
val: {'epoch': 13, 'loss': 0.0873, 'lr': 0.0021, 'params': 329104, 'time_iter': 0.3543, 'accuracy': 0.9796, 'average_precision': 0.0651, 'precision': 0.4286, 'recall': 0.1111, 'f1': 0.1765, 'auc': 0.7236}
train: {'epoch': 13, 'eta': 8534.6156, 'loss': 0.1307, 'lr': 0.0021, 'params': 329104, 'time_iter': 5.3121, 'accuracy': 0.9655, 'average_precision': 0.1297, 'precision': 0.6905, 'recall': 0.1412, 'f1': 0.2345, 'auc': 0.7613}
val: {'epoch': 14, 'loss': 0.0868, 'lr': 0.0015, 'params': 329104, 'time_iter': 0.3514, 'accuracy': 0.9808, 'average_precision': 0.0627, 'precision': 0.6, 'recall': 0.0741, 'f1': 0.1319, 'auc': 0.7492}
train: {'epoch': 14, 'eta': 7101.2065, 'loss': 0.1281, 'lr': 0.0015, 'params': 329104, 'time_iter': 5.3857, 'accuracy': 0.9658, 'average_precision': 0.1396, 'precision': 0.6893, 'recall': 0.1567, 'f1': 0.2553, 'auc': 0.7741}
val: {'epoch': 15, 'loss': 0.0853, 'lr': 0.001, 'params': 329104, 'time_iter': 0.3512, 'accuracy': 0.9801, 'average_precision': 0.0761, 'precision': 0.4762, 'recall': 0.1235, 'f1': 0.1961, 'auc': 0.781}
train: {'epoch': 15, 'eta': 5673.4555, 'loss': 0.127, 'lr': 0.001, 'params': 329104, 'time_iter': 5.3884, 'accuracy': 0.9659, 'average_precision': 0.1429, 'precision': 0.6873, 'recall': 0.1623, 'f1': 0.2626, 'auc': 0.7742}
val: {'epoch': 16, 'loss': 0.0818, 'lr': 0.0005, 'params': 329104, 'time_iter': 0.3531, 'accuracy': 0.9818, 'average_precision': 0.1155, 'precision': 0.6667, 'recall': 0.1481, 'f1': 0.2424, 'auc': 0.7721}
train: {'epoch': 16, 'eta': 4249.8977, 'loss': 0.1271, 'lr': 0.0005, 'params': 329104, 'time_iter': 5.3835, 'accuracy': 0.9656, 'average_precision': 0.1386, 'precision': 0.6701, 'recall': 0.1599, 'f1': 0.2582, 'auc': 0.7796}
val: {'epoch': 17, 'loss': 0.084, 'lr': 0.0002, 'params': 329104, 'time_iter': 0.3616, 'accuracy': 0.9805, 'average_precision': 0.1, 'precision': 0.52, 'recall': 0.1605, 'f1': 0.2453, 'auc': 0.7756}
train: {'epoch': 17, 'eta': 2829.5428, 'loss': 0.1249, 'lr': 0.0002, 'params': 329104, 'time_iter': 5.361, 'accuracy': 0.9663, 'average_precision': 0.1509, 'precision': 0.7061, 'recall': 0.1696, 'f1': 0.2736, 'auc': 0.787}
val: {'epoch': 18, 'loss': 0.0823, 'lr': 0.0001, 'params': 329104, 'time_iter': 0.351, 'accuracy': 0.9808, 'average_precision': 0.1094, 'precision': 0.5385, 'recall': 0.1728, 'f1': 0.2617, 'auc': 0.7764}
train: {'epoch': 18, 'eta': 1413.3667, 'loss': 0.1235, 'lr': 0.0001, 'params': 329104, 'time_iter': 5.3802, 'accuracy': 0.9664, 'average_precision': 0.1539, 'precision': 0.7177, 'recall': 0.1713, 'f1': 0.2765, 'auc': 0.7943}
val: {'epoch': 19, 'loss': 0.0816, 'lr': 0.0, 'params': 329104, 'time_iter': 0.3611, 'accuracy': 0.9808, 'average_precision': 0.1035, 'precision': 0.5417, 'recall': 0.1605, 'f1': 0.2476, 'auc': 0.7792}
train: {'epoch': 19, 'eta': 0.0, 'loss': 0.1232, 'lr': 0.0, 'params': 329104, 'time_iter': 5.3897, 'accuracy': 0.9664, 'average_precision': 0.1555, 'precision': 0.7105, 'recall': 0.1753, 'f1': 0.2812, 'auc': 0.7937}
test: {'epoch': 20, 'loss': 0.1168, 'lr': 0.0, 'params': 329104, 'time_iter': 0.5424, 'accuracy': 0.9699, 'average_precision': 0.1035, 'precision': 0.6154, 'recall': 0.1231, 'f1': 0.2051, 'auc': 0.7251}
