GraphGymModule(
  (model): GNN(
    (encoder): FeatureEncoder(
      (node_encoder): AtomEncoder(
        (atom_embedding_list): ModuleList(
          (0): Embedding(119, 300)
          (1): Embedding(4, 300)
          (2): Embedding(12, 300)
          (3): Embedding(12, 300)
          (4): Embedding(10, 300)
          (5): Embedding(6, 300)
          (6): Embedding(6, 300)
          (7): Embedding(2, 300)
          (8): Embedding(2, 300)
        )
      )
      (node_encoder_bn): BatchNorm1dNode(
        (bn): BatchNorm1d(300, eps=1e-05, momentum=0.1, affine=True, track_running_stats=True)
      )
      (edge_encoder): BondEncoder(
        (bond_embedding_list): ModuleList(
          (0): Embedding(5, 300)
          (1): Embedding(6, 300)
          (2): Embedding(2, 300)
        )
      )
      (edge_encoder_bn): BatchNorm1dNode(
        (bn): BatchNorm1d(300, eps=1e-05, momentum=0.1, affine=True, track_running_stats=True)
      )
    )
    (pre_mp): GeneralMultiLayer(
      (Layer_0): GeneralLayer(
        (layer): Linear(
          (model): Linear(300, 300, bias=False)
        )
        (post_layer): Sequential(
          (0): BatchNorm1d(300, eps=1e-05, momentum=0.1, affine=True, track_running_stats=True)
          (1): PReLU(num_parameters=1)
        )
      )
    )
    (mp): DelayGNNStage(
      (W_k1_t0): GeneralLayer(
        (layer): GCNConv(
          (model): GCNConv(300, 300)
        )
        (post_layer): Sequential(
          (0): BatchNorm1d(300, eps=1e-05, momentum=0.1, affine=True, track_running_stats=True)
          (1): PReLU(num_parameters=1)
        )
      )
      (W_k1_t1): GeneralLayer(
        (layer): GCNConv(
          (model): GCNConv(300, 300)
        )
        (post_layer): Sequential(
          (0): BatchNorm1d(300, eps=1e-05, momentum=0.1, affine=True, track_running_stats=True)
          (1): PReLU(num_parameters=1)
        )
      )
      (W_k2_t1): GeneralLayer(
        (layer): GCNConv(
          (model): GCNConv(300, 300)
        )
        (post_layer): Sequential(
          (0): BatchNorm1d(300, eps=1e-05, momentum=0.1, affine=True, track_running_stats=True)
          (1): PReLU(num_parameters=1)
        )
      )
      (W_k1_t2): GeneralLayer(
        (layer): GCNConv(
          (model): GCNConv(300, 300)
        )
        (post_layer): Sequential(
          (0): BatchNorm1d(300, eps=1e-05, momentum=0.1, affine=True, track_running_stats=True)
          (1): PReLU(num_parameters=1)
        )
      )
      (W_k2_t2): GeneralLayer(
        (layer): GCNConv(
          (model): GCNConv(300, 300)
        )
        (post_layer): Sequential(
          (0): BatchNorm1d(300, eps=1e-05, momentum=0.1, affine=True, track_running_stats=True)
          (1): PReLU(num_parameters=1)
        )
      )
      (W_k3_t2): GeneralLayer(
        (layer): GCNConv(
          (model): GCNConv(300, 300)
        )
        (post_layer): Sequential(
          (0): BatchNorm1d(300, eps=1e-05, momentum=0.1, affine=True, track_running_stats=True)
          (1): PReLU(num_parameters=1)
        )
      )
      (W_k1_t3): GeneralLayer(
        (layer): GCNConv(
          (model): GCNConv(300, 300)
        )
        (post_layer): Sequential(
          (0): BatchNorm1d(300, eps=1e-05, momentum=0.1, affine=True, track_running_stats=True)
          (1): PReLU(num_parameters=1)
        )
      )
      (W_k2_t3): GeneralLayer(
        (layer): GCNConv(
          (model): GCNConv(300, 300)
        )
        (post_layer): Sequential(
          (0): BatchNorm1d(300, eps=1e-05, momentum=0.1, affine=True, track_running_stats=True)
          (1): PReLU(num_parameters=1)
        )
      )
      (W_k3_t3): GeneralLayer(
        (layer): GCNConv(
          (model): GCNConv(300, 300)
        )
        (post_layer): Sequential(
          (0): BatchNorm1d(300, eps=1e-05, momentum=0.1, affine=True, track_running_stats=True)
          (1): PReLU(num_parameters=1)
        )
      )
      (W_k4_t3): GeneralLayer(
        (layer): GCNConv(
          (model): GCNConv(300, 300)
        )
        (post_layer): Sequential(
          (0): BatchNorm1d(300, eps=1e-05, momentum=0.1, affine=True, track_running_stats=True)
          (1): PReLU(num_parameters=1)
        )
      )
      (W_k1_t4): GeneralLayer(
        (layer): GCNConv(
          (model): GCNConv(300, 300)
        )
        (post_layer): Sequential(
          (0): BatchNorm1d(300, eps=1e-05, momentum=0.1, affine=True, track_running_stats=True)
          (1): PReLU(num_parameters=1)
        )
      )
      (W_k2_t4): GeneralLayer(
        (layer): GCNConv(
          (model): GCNConv(300, 300)
        )
        (post_layer): Sequential(
          (0): BatchNorm1d(300, eps=1e-05, momentum=0.1, affine=True, track_running_stats=True)
          (1): PReLU(num_parameters=1)
        )
      )
      (W_k3_t4): GeneralLayer(
        (layer): GCNConv(
          (model): GCNConv(300, 300)
        )
        (post_layer): Sequential(
          (0): BatchNorm1d(300, eps=1e-05, momentum=0.1, affine=True, track_running_stats=True)
          (1): PReLU(num_parameters=1)
        )
      )
      (W_k4_t4): GeneralLayer(
        (layer): GCNConv(
          (model): GCNConv(300, 300)
        )
        (post_layer): Sequential(
          (0): BatchNorm1d(300, eps=1e-05, momentum=0.1, affine=True, track_running_stats=True)
          (1): PReLU(num_parameters=1)
        )
      )
      (W_k5_t4): GeneralLayer(
        (layer): GCNConv(
          (model): GCNConv(300, 300)
        )
        (post_layer): Sequential(
          (0): BatchNorm1d(300, eps=1e-05, momentum=0.1, affine=True, track_running_stats=True)
          (1): PReLU(num_parameters=1)
        )
      )
      (W_k1_t5): GeneralLayer(
        (layer): GCNConv(
          (model): GCNConv(300, 300)
        )
        (post_layer): Sequential(
          (0): BatchNorm1d(300, eps=1e-05, momentum=0.1, affine=True, track_running_stats=True)
          (1): PReLU(num_parameters=1)
        )
      )
      (W_k2_t5): GeneralLayer(
        (layer): GCNConv(
          (model): GCNConv(300, 300)
        )
        (post_layer): Sequential(
          (0): BatchNorm1d(300, eps=1e-05, momentum=0.1, affine=True, track_running_stats=True)
          (1): PReLU(num_parameters=1)
        )
      )
      (W_k3_t5): GeneralLayer(
        (layer): GCNConv(
          (model): GCNConv(300, 300)
        )
        (post_layer): Sequential(
          (0): BatchNorm1d(300, eps=1e-05, momentum=0.1, affine=True, track_running_stats=True)
          (1): PReLU(num_parameters=1)
        )
      )
      (W_k4_t5): GeneralLayer(
        (layer): GCNConv(
          (model): GCNConv(300, 300)
        )
        (post_layer): Sequential(
          (0): BatchNorm1d(300, eps=1e-05, momentum=0.1, affine=True, track_running_stats=True)
          (1): PReLU(num_parameters=1)
        )
      )
      (W_k5_t5): GeneralLayer(
        (layer): GCNConv(
          (model): GCNConv(300, 300)
        )
        (post_layer): Sequential(
          (0): BatchNorm1d(300, eps=1e-05, momentum=0.1, affine=True, track_running_stats=True)
          (1): PReLU(num_parameters=1)
        )
      )
      (W_k6_t5): GeneralLayer(
        (layer): GCNConv(
          (model): GCNConv(300, 300)
        )
        (post_layer): Sequential(
          (0): BatchNorm1d(300, eps=1e-05, momentum=0.1, affine=True, track_running_stats=True)
          (1): PReLU(num_parameters=1)
        )
      )
      (W_k1_t6): GeneralLayer(
        (layer): GCNConv(
          (model): GCNConv(300, 300)
        )
        (post_layer): Sequential(
          (0): BatchNorm1d(300, eps=1e-05, momentum=0.1, affine=True, track_running_stats=True)
          (1): PReLU(num_parameters=1)
        )
      )
      (W_k2_t6): GeneralLayer(
        (layer): GCNConv(
          (model): GCNConv(300, 300)
        )
        (post_layer): Sequential(
          (0): BatchNorm1d(300, eps=1e-05, momentum=0.1, affine=True, track_running_stats=True)
          (1): PReLU(num_parameters=1)
        )
      )
      (W_k3_t6): GeneralLayer(
        (layer): GCNConv(
          (model): GCNConv(300, 300)
        )
        (post_layer): Sequential(
          (0): BatchNorm1d(300, eps=1e-05, momentum=0.1, affine=True, track_running_stats=True)
          (1): PReLU(num_parameters=1)
        )
      )
      (W_k4_t6): GeneralLayer(
        (layer): GCNConv(
          (model): GCNConv(300, 300)
        )
        (post_layer): Sequential(
          (0): BatchNorm1d(300, eps=1e-05, momentum=0.1, affine=True, track_running_stats=True)
          (1): PReLU(num_parameters=1)
        )
      )
      (W_k5_t6): GeneralLayer(
        (layer): GCNConv(
          (model): GCNConv(300, 300)
        )
        (post_layer): Sequential(
          (0): BatchNorm1d(300, eps=1e-05, momentum=0.1, affine=True, track_running_stats=True)
          (1): PReLU(num_parameters=1)
        )
      )
      (W_k6_t6): GeneralLayer(
        (layer): GCNConv(
          (model): GCNConv(300, 300)
        )
        (post_layer): Sequential(
          (0): BatchNorm1d(300, eps=1e-05, momentum=0.1, affine=True, track_running_stats=True)
          (1): PReLU(num_parameters=1)
        )
      )
      (W_k7_t6): GeneralLayer(
        (layer): GCNConv(
          (model): GCNConv(300, 300)
        )
        (post_layer): Sequential(
          (0): BatchNorm1d(300, eps=1e-05, momentum=0.1, affine=True, track_running_stats=True)
          (1): PReLU(num_parameters=1)
        )
      )
      (W_k1_t7): GeneralLayer(
        (layer): GCNConv(
          (model): GCNConv(300, 300)
        )
        (post_layer): Sequential(
          (0): BatchNorm1d(300, eps=1e-05, momentum=0.1, affine=True, track_running_stats=True)
          (1): PReLU(num_parameters=1)
        )
      )
      (W_k2_t7): GeneralLayer(
        (layer): GCNConv(
          (model): GCNConv(300, 300)
        )
        (post_layer): Sequential(
          (0): BatchNorm1d(300, eps=1e-05, momentum=0.1, affine=True, track_running_stats=True)
          (1): PReLU(num_parameters=1)
        )
      )
      (W_k3_t7): GeneralLayer(
        (layer): GCNConv(
          (model): GCNConv(300, 300)
        )
        (post_layer): Sequential(
          (0): BatchNorm1d(300, eps=1e-05, momentum=0.1, affine=True, track_running_stats=True)
          (1): PReLU(num_parameters=1)
        )
      )
      (W_k4_t7): GeneralLayer(
        (layer): GCNConv(
          (model): GCNConv(300, 300)
        )
        (post_layer): Sequential(
          (0): BatchNorm1d(300, eps=1e-05, momentum=0.1, affine=True, track_running_stats=True)
          (1): PReLU(num_parameters=1)
        )
      )
      (W_k5_t7): GeneralLayer(
        (layer): GCNConv(
          (model): GCNConv(300, 300)
        )
        (post_layer): Sequential(
          (0): BatchNorm1d(300, eps=1e-05, momentum=0.1, affine=True, track_running_stats=True)
          (1): PReLU(num_parameters=1)
        )
      )
      (W_k6_t7): GeneralLayer(
        (layer): GCNConv(
          (model): GCNConv(300, 300)
        )
        (post_layer): Sequential(
          (0): BatchNorm1d(300, eps=1e-05, momentum=0.1, affine=True, track_running_stats=True)
          (1): PReLU(num_parameters=1)
        )
      )
      (W_k7_t7): GeneralLayer(
        (layer): GCNConv(
          (model): GCNConv(300, 300)
        )
        (post_layer): Sequential(
          (0): BatchNorm1d(300, eps=1e-05, momentum=0.1, affine=True, track_running_stats=True)
          (1): PReLU(num_parameters=1)
        )
      )
      (W_k8_t7): GeneralLayer(
        (layer): GCNConv(
          (model): GCNConv(300, 300)
        )
        (post_layer): Sequential(
          (0): BatchNorm1d(300, eps=1e-05, momentum=0.1, affine=True, track_running_stats=True)
          (1): PReLU(num_parameters=1)
        )
      )
      (W_k1_t8): GeneralLayer(
        (layer): GCNConv(
          (model): GCNConv(300, 300)
        )
        (post_layer): Sequential(
          (0): BatchNorm1d(300, eps=1e-05, momentum=0.1, affine=True, track_running_stats=True)
          (1): PReLU(num_parameters=1)
        )
      )
      (W_k2_t8): GeneralLayer(
        (layer): GCNConv(
          (model): GCNConv(300, 300)
        )
        (post_layer): Sequential(
          (0): BatchNorm1d(300, eps=1e-05, momentum=0.1, affine=True, track_running_stats=True)
          (1): PReLU(num_parameters=1)
        )
      )
      (W_k3_t8): GeneralLayer(
        (layer): GCNConv(
          (model): GCNConv(300, 300)
        )
        (post_layer): Sequential(
          (0): BatchNorm1d(300, eps=1e-05, momentum=0.1, affine=True, track_running_stats=True)
          (1): PReLU(num_parameters=1)
        )
      )
      (W_k4_t8): GeneralLayer(
        (layer): GCNConv(
          (model): GCNConv(300, 300)
        )
        (post_layer): Sequential(
          (0): BatchNorm1d(300, eps=1e-05, momentum=0.1, affine=True, track_running_stats=True)
          (1): PReLU(num_parameters=1)
        )
      )
      (W_k5_t8): GeneralLayer(
        (layer): GCNConv(
          (model): GCNConv(300, 300)
        )
        (post_layer): Sequential(
          (0): BatchNorm1d(300, eps=1e-05, momentum=0.1, affine=True, track_running_stats=True)
          (1): PReLU(num_parameters=1)
        )
      )
      (W_k6_t8): GeneralLayer(
        (layer): GCNConv(
          (model): GCNConv(300, 300)
        )
        (post_layer): Sequential(
          (0): BatchNorm1d(300, eps=1e-05, momentum=0.1, affine=True, track_running_stats=True)
          (1): PReLU(num_parameters=1)
        )
      )
      (W_k7_t8): GeneralLayer(
        (layer): GCNConv(
          (model): GCNConv(300, 300)
        )
        (post_layer): Sequential(
          (0): BatchNorm1d(300, eps=1e-05, momentum=0.1, affine=True, track_running_stats=True)
          (1): PReLU(num_parameters=1)
        )
      )
      (W_k8_t8): GeneralLayer(
        (layer): GCNConv(
          (model): GCNConv(300, 300)
        )
        (post_layer): Sequential(
          (0): BatchNorm1d(300, eps=1e-05, momentum=0.1, affine=True, track_running_stats=True)
          (1): PReLU(num_parameters=1)
        )
      )
      (W_k9_t8): GeneralLayer(
        (layer): GCNConv(
          (model): GCNConv(300, 300)
        )
        (post_layer): Sequential(
          (0): BatchNorm1d(300, eps=1e-05, momentum=0.1, affine=True, track_running_stats=True)
          (1): PReLU(num_parameters=1)
        )
      )
      (W_k1_t9): GeneralLayer(
        (layer): GCNConv(
          (model): GCNConv(300, 300)
        )
        (post_layer): Sequential(
          (0): BatchNorm1d(300, eps=1e-05, momentum=0.1, affine=True, track_running_stats=True)
          (1): PReLU(num_parameters=1)
        )
      )
      (W_k2_t9): GeneralLayer(
        (layer): GCNConv(
          (model): GCNConv(300, 300)
        )
        (post_layer): Sequential(
          (0): BatchNorm1d(300, eps=1e-05, momentum=0.1, affine=True, track_running_stats=True)
          (1): PReLU(num_parameters=1)
        )
      )
      (W_k3_t9): GeneralLayer(
        (layer): GCNConv(
          (model): GCNConv(300, 300)
        )
        (post_layer): Sequential(
          (0): BatchNorm1d(300, eps=1e-05, momentum=0.1, affine=True, track_running_stats=True)
          (1): PReLU(num_parameters=1)
        )
      )
      (W_k4_t9): GeneralLayer(
        (layer): GCNConv(
          (model): GCNConv(300, 300)
        )
        (post_layer): Sequential(
          (0): BatchNorm1d(300, eps=1e-05, momentum=0.1, affine=True, track_running_stats=True)
          (1): PReLU(num_parameters=1)
        )
      )
      (W_k5_t9): GeneralLayer(
        (layer): GCNConv(
          (model): GCNConv(300, 300)
        )
        (post_layer): Sequential(
          (0): BatchNorm1d(300, eps=1e-05, momentum=0.1, affine=True, track_running_stats=True)
          (1): PReLU(num_parameters=1)
        )
      )
      (W_k6_t9): GeneralLayer(
        (layer): GCNConv(
          (model): GCNConv(300, 300)
        )
        (post_layer): Sequential(
          (0): BatchNorm1d(300, eps=1e-05, momentum=0.1, affine=True, track_running_stats=True)
          (1): PReLU(num_parameters=1)
        )
      )
      (W_k7_t9): GeneralLayer(
        (layer): GCNConv(
          (model): GCNConv(300, 300)
        )
        (post_layer): Sequential(
          (0): BatchNorm1d(300, eps=1e-05, momentum=0.1, affine=True, track_running_stats=True)
          (1): PReLU(num_parameters=1)
        )
      )
      (W_k8_t9): GeneralLayer(
        (layer): GCNConv(
          (model): GCNConv(300, 300)
        )
        (post_layer): Sequential(
          (0): BatchNorm1d(300, eps=1e-05, momentum=0.1, affine=True, track_running_stats=True)
          (1): PReLU(num_parameters=1)
        )
      )
      (W_k9_t9): GeneralLayer(
        (layer): GCNConv(
          (model): GCNConv(300, 300)
        )
        (post_layer): Sequential(
          (0): BatchNorm1d(300, eps=1e-05, momentum=0.1, affine=True, track_running_stats=True)
          (1): PReLU(num_parameters=1)
        )
      )
      (W_k10_t9): GeneralLayer(
        (layer): GCNConv(
          (model): GCNConv(300, 300)
        )
        (post_layer): Sequential(
          (0): BatchNorm1d(300, eps=1e-05, momentum=0.1, affine=True, track_running_stats=True)
          (1): PReLU(num_parameters=1)
        )
      )
    )
    (post_mp): GNNGraphHead(
      (layer_post_mp): MLP(
        (model): Sequential(
          (0): Linear(
            (model): Linear(300, 1, bias=True)
          )
        )
      )
    )
  )
)
accelerator: cuda
benchmark: False
bn:
  eps: 1e-05
  mom: 0.1
cfg_dest: config.yaml
custom_metrics: []
dataset:
  cache_load: False
  cache_save: False
  dir: ./datasets
  edge_dim: 128
  edge_encoder: True
  edge_encoder_bn: True
  edge_encoder_name: Bond
  edge_message_ratio: 0.8
  edge_negative_sampling_ratio: 1.0
  edge_train_mode: all
  encoder: True
  encoder_bn: True
  encoder_dim: 128
  encoder_name: db
  format: OGB
  label_column: none
  label_table: none
  location: local
  name: ogbg-molhiv
  node_encoder: True
  node_encoder_bn: True
  node_encoder_name: Atom
  remove_feature: False
  resample_disjoint: False
  resample_negative: False
  shuffle_split: True
  split: [0.8, 0.1, 0.1]
  split_mode: random
  task: graph
  task_type: classification
  to_undirected: False
  transductive: False
  transform: none
  tu_simple: True
delay:
  max_k: 10
  num_layers: 10
devices: None
gnn:
  act: prelu
  agg: mean
  att_final_linear: False
  att_final_linear_bn: False
  att_heads: 1
  batchnorm: True
  clear_feature: True
  dim_inner: 300
  dropout: 0.0
  head: graph
  keep_edge: 0.5
  l2norm: True
  layer_type: my_gcnconv
  layers_mp: 10
  layers_post_mp: 1
  layers_pre_mp: 1
  msg_direction: single
  normalize_adj: False
  self_msg: concat
  skip_every: 1
  stage_type: delay_gnn
gpu_mem: False
mem:
  inplace: False
metric_agg: argmax
metric_best: auto
model:
  edge_decoding: dot
  graph_pooling: add
  loss_fun: cross_entropy
  match_upper: True
  size_average: mean
  thresh: 0.5
  type: gnn
num_threads: 6
num_workers: 0
optim:
  base_lr: 0.01
  lr_decay: 0.1
  max_epoch: 20
  momentum: 0.9
  optimizer: adam
  scheduler: cos
  steps: [30, 60, 90]
  weight_decay: 0.0005
out_dir: my_results/delay_GCN_10_layer
params: 5130957
print: both
round: 4
run_dir: my_results/delay_GCN_10_layer/1
seed: 2
share:
  dim_in: 9
  dim_out: 2
  num_splits: 3
tensorboard_agg: True
tensorboard_each_run: False
train:
  auto_resume: False
  batch_size: 128
  ckpt_clean: True
  ckpt_period: 100
  enable_ckpt: True
  epoch_resume: -1
  eval_period: 1
  iter_per_epoch: 32
  neighbor_sizes: [20, 15, 10, 5]
  node_per_graph: 32
  radius: extend
  sample_node: False
  sampler: full_batch
  skip_train_eval: False
  walk_length: 4
val:
  node_per_graph: 32
  radius: extend
  sample_node: False
  sampler: full_batch
view_emb: False
Num parameters: 5130957
val: {'epoch': 0, 'loss': 0.3984, 'lr': 0.01, 'params': 5130957, 'time_iter': 1.3029, 'accuracy': 0.9844, 'average_precision': 0.0156, 'precision': 0.0, 'recall': 0.0, 'f1': 0.0, 'auc': 0.3135}
val: {'epoch': 0, 'loss': 0.1248, 'lr': 0.0099, 'params': 5130957, 'time_iter': 16.1019, 'accuracy': 0.9803, 'average_precision': 0.0197, 'precision': 0.0, 'recall': 0.0, 'f1': 0.0, 'auc': 0.3951}
train: {'epoch': 0, 'eta': 640759.886, 'loss': 0.2142, 'lr': 0.0099, 'params': 5130957, 'time_iter': 130.714, 'accuracy': 0.9605, 'average_precision': 0.0376, 'precision': 0.0658, 'recall': 0.0041, 'f1': 0.0076, 'auc': 0.5141}
val: {'epoch': 1, 'loss': 0.1099, 'lr': 0.0098, 'params': 5130957, 'time_iter': 16.2522, 'accuracy': 0.9803, 'average_precision': 0.0197, 'precision': 0.0, 'recall': 0.0, 'f1': 0.0, 'auc': 0.418}
train: {'epoch': 1, 'eta': 605968.1405, 'loss': 0.1667, 'lr': 0.0098, 'params': 5130957, 'time_iter': 130.2542, 'accuracy': 0.9623, 'average_precision': 0.044, 'precision': 0.42, 'recall': 0.017, 'f1': 0.0328, 'auc': 0.5745}
val: {'epoch': 2, 'loss': 0.097, 'lr': 0.0095, 'params': 5130957, 'time_iter': 16.2929, 'accuracy': 0.9808, 'average_precision': 0.0467, 'precision': 0.75, 'recall': 0.037, 'f1': 0.0706, 'auc': 0.6306}
train: {'epoch': 2, 'eta': 572439.8441, 'loss': 0.1558, 'lr': 0.0095, 'params': 5130957, 'time_iter': 130.5775, 'accuracy': 0.963, 'average_precision': 0.0598, 'precision': 0.5882, 'recall': 0.0406, 'f1': 0.0759, 'auc': 0.6127}
val: {'epoch': 3, 'loss': 0.1004, 'lr': 0.009, 'params': 5130957, 'time_iter': 16.1354, 'accuracy': 0.9803, 'average_precision': 0.0197, 'precision': 0.0, 'recall': 0.0, 'f1': 0.0, 'auc': 0.5206}
train: {'epoch': 3, 'eta': 537633.1584, 'loss': 0.151, 'lr': 0.009, 'params': 5130957, 'time_iter': 129.4166, 'accuracy': 0.963, 'average_precision': 0.0627, 'precision': 0.5743, 'recall': 0.0471, 'f1': 0.087, 'auc': 0.653}
val: {'epoch': 4, 'loss': 0.0883, 'lr': 0.0085, 'params': 5130957, 'time_iter': 16.1904, 'accuracy': 0.981, 'average_precision': 0.056, 'precision': 1.0, 'recall': 0.037, 'f1': 0.0714, 'auc': 0.6678}
train: {'epoch': 4, 'eta': 505111.1328, 'loss': 0.1461, 'lr': 0.0085, 'params': 5130957, 'time_iter': 131.636, 'accuracy': 0.9635, 'average_precision': 0.0756, 'precision': 0.6183, 'recall': 0.0657, 'f1': 0.1189, 'auc': 0.6861}
val: {'epoch': 5, 'loss': 0.125, 'lr': 0.0079, 'params': 5130957, 'time_iter': 16.2947, 'accuracy': 0.9745, 'average_precision': 0.0249, 'precision': 0.125, 'recall': 0.0494, 'f1': 0.0708, 'auc': 0.6469}
train: {'epoch': 5, 'eta': 471457.2193, 'loss': 0.1445, 'lr': 0.0079, 'params': 5130957, 'time_iter': 130.5532, 'accuracy': 0.964, 'average_precision': 0.0882, 'precision': 0.6623, 'recall': 0.0812, 'f1': 0.1446, 'auc': 0.6835}
val: {'epoch': 6, 'loss': 0.1292, 'lr': 0.0073, 'params': 5130957, 'time_iter': 16.2899, 'accuracy': 0.975, 'average_precision': 0.0385, 'precision': 0.2105, 'recall': 0.0988, 'f1': 0.1345, 'auc': 0.6618}
train: {'epoch': 6, 'eta': 437664.2035, 'loss': 0.1476, 'lr': 0.0073, 'params': 5130957, 'time_iter': 130.28, 'accuracy': 0.9633, 'average_precision': 0.0711, 'precision': 0.5906, 'recall': 0.0609, 'f1': 0.1104, 'auc': 0.6743}
val: {'epoch': 7, 'loss': 0.1015, 'lr': 0.0065, 'params': 5130957, 'time_iter': 16.2483, 'accuracy': 0.9803, 'average_precision': 0.0197, 'precision': 0.0, 'recall': 0.0, 'f1': 0.0, 'auc': 0.5737}
train: {'epoch': 7, 'eta': 403894.5161, 'loss': 0.1408, 'lr': 0.0065, 'params': 5130957, 'time_iter': 130.2235, 'accuracy': 0.9637, 'average_precision': 0.0852, 'precision': 0.6196, 'recall': 0.082, 'f1': 0.1448, 'auc': 0.7144}
val: {'epoch': 8, 'loss': 0.1228, 'lr': 0.0058, 'params': 5130957, 'time_iter': 16.1547, 'accuracy': 0.9752, 'average_precision': 0.0563, 'precision': 0.2667, 'recall': 0.1481, 'f1': 0.1905, 'auc': 0.7108}
train: {'epoch': 8, 'eta': 370372.4222, 'loss': 0.1379, 'lr': 0.0058, 'params': 5130957, 'time_iter': 130.8875, 'accuracy': 0.9645, 'average_precision': 0.1018, 'precision': 0.672, 'recall': 0.1015, 'f1': 0.1763, 'auc': 0.7203}
val: {'epoch': 9, 'loss': 0.0888, 'lr': 0.005, 'params': 5130957, 'time_iter': 16.3285, 'accuracy': 0.9808, 'average_precision': 0.0439, 'precision': 1.0, 'recall': 0.0247, 'f1': 0.0482, 'auc': 0.6877}
train: {'epoch': 9, 'eta': 336668.2841, 'loss': 0.1372, 'lr': 0.005, 'params': 5130957, 'time_iter': 130.3733, 'accuracy': 0.9641, 'average_precision': 0.0977, 'precision': 0.6313, 'recall': 0.1015, 'f1': 0.1748, 'auc': 0.7258}
val: {'epoch': 10, 'loss': 0.1216, 'lr': 0.0042, 'params': 5130957, 'time_iter': 16.1998, 'accuracy': 0.9747, 'average_precision': 0.0782, 'precision': 0.2982, 'recall': 0.2099, 'f1': 0.2464, 'auc': 0.7124}
train: {'epoch': 10, 'eta': 303077.4363, 'loss': 0.1348, 'lr': 0.0042, 'params': 5130957, 'time_iter': 130.8515, 'accuracy': 0.9648, 'average_precision': 0.1107, 'precision': 0.6779, 'recall': 0.1144, 'f1': 0.1958, 'auc': 0.7363}
val: {'epoch': 11, 'loss': 0.0878, 'lr': 0.0035, 'params': 5130957, 'time_iter': 16.3459, 'accuracy': 0.9808, 'average_precision': 0.0439, 'precision': 1.0, 'recall': 0.0247, 'f1': 0.0482, 'auc': 0.7331}
train: {'epoch': 11, 'eta': 269452.2562, 'loss': 0.1343, 'lr': 0.0035, 'params': 5130957, 'time_iter': 130.8155, 'accuracy': 0.9647, 'average_precision': 0.1106, 'precision': 0.6636, 'recall': 0.1169, 'f1': 0.1988, 'auc': 0.7334}
val: {'epoch': 12, 'loss': 0.0914, 'lr': 0.0027, 'params': 5130957, 'time_iter': 16.3917, 'accuracy': 0.9803, 'average_precision': 0.0849, 'precision': 0.5, 'recall': 0.1358, 'f1': 0.2136, 'auc': 0.6415}
train: {'epoch': 12, 'eta': 235866.8134, 'loss': 0.1323, 'lr': 0.0027, 'params': 5130957, 'time_iter': 131.2402, 'accuracy': 0.9645, 'average_precision': 0.111, 'precision': 0.6333, 'recall': 0.1234, 'f1': 0.2065, 'auc': 0.7506}
val: {'epoch': 13, 'loss': 0.1013, 'lr': 0.0021, 'params': 5130957, 'time_iter': 16.392, 'accuracy': 0.9803, 'average_precision': 0.0909, 'precision': 0.5, 'recall': 0.1481, 'f1': 0.2286, 'auc': 0.6933}
train: {'epoch': 13, 'eta': 202226.3215, 'loss': 0.1305, 'lr': 0.0021, 'params': 5130957, 'time_iter': 131.0971, 'accuracy': 0.9657, 'average_precision': 0.1296, 'precision': 0.7217, 'recall': 0.1347, 'f1': 0.2271, 'auc': 0.7562}
val: {'epoch': 14, 'loss': 0.0836, 'lr': 0.0015, 'params': 5130957, 'time_iter': 16.3694, 'accuracy': 0.9815, 'average_precision': 0.0852, 'precision': 0.7778, 'recall': 0.0864, 'f1': 0.1556, 'auc': 0.7361}
train: {'epoch': 14, 'eta': 168599.4733, 'loss': 0.1272, 'lr': 0.0015, 'params': 5130957, 'time_iter': 131.5388, 'accuracy': 0.9661, 'average_precision': 0.1435, 'precision': 0.7252, 'recall': 0.1542, 'f1': 0.2544, 'auc': 0.7723}
val: {'epoch': 15, 'loss': 0.0912, 'lr': 0.001, 'params': 5130957, 'time_iter': 16.3543, 'accuracy': 0.9798, 'average_precision': 0.0852, 'precision': 0.4615, 'recall': 0.1481, 'f1': 0.2243, 'auc': 0.7223}
train: {'epoch': 15, 'eta': 134881.8705, 'loss': 0.1247, 'lr': 0.001, 'params': 5130957, 'time_iter': 130.7328, 'accuracy': 0.9664, 'average_precision': 0.1519, 'precision': 0.7188, 'recall': 0.168, 'f1': 0.2724, 'auc': 0.7859}
val: {'epoch': 16, 'loss': 0.078, 'lr': 0.0005, 'params': 5130957, 'time_iter': 16.3527, 'accuracy': 0.9813, 'average_precision': 0.0889, 'precision': 0.6429, 'recall': 0.1111, 'f1': 0.1895, 'auc': 0.7453}
train: {'epoch': 16, 'eta': 101190.3214, 'loss': 0.1209, 'lr': 0.0005, 'params': 5130957, 'time_iter': 131.3346, 'accuracy': 0.9669, 'average_precision': 0.166, 'precision': 0.7293, 'recall': 0.1859, 'f1': 0.2962, 'auc': 0.8023}
val: {'epoch': 17, 'loss': 0.0784, 'lr': 0.0002, 'params': 5130957, 'time_iter': 16.1841, 'accuracy': 0.9808, 'average_precision': 0.0571, 'precision': 0.625, 'recall': 0.0617, 'f1': 0.1124, 'auc': 0.7742}
train: {'epoch': 17, 'eta': 67464.8445, 'loss': 0.1184, 'lr': 0.0002, 'params': 5130957, 'time_iter': 130.8984, 'accuracy': 0.9672, 'average_precision': 0.1753, 'precision': 0.7278, 'recall': 0.1997, 'f1': 0.3134, 'auc': 0.803}
val: {'epoch': 18, 'loss': 0.0803, 'lr': 0.0001, 'params': 5130957, 'time_iter': 16.1766, 'accuracy': 0.981, 'average_precision': 0.1131, 'precision': 0.56, 'recall': 0.1728, 'f1': 0.2642, 'auc': 0.7658}
train: {'epoch': 18, 'eta': 33729.3839, 'loss': 0.1157, 'lr': 0.0001, 'params': 5130957, 'time_iter': 130.5221, 'accuracy': 0.9678, 'average_precision': 0.1911, 'precision': 0.7256, 'recall': 0.2232, 'f1': 0.3414, 'auc': 0.8198}
val: {'epoch': 19, 'loss': 0.0789, 'lr': 0.0, 'params': 5130957, 'time_iter': 16.124, 'accuracy': 0.9815, 'average_precision': 0.1272, 'precision': 0.6, 'recall': 0.1852, 'f1': 0.283, 'auc': 0.7676}
train: {'epoch': 19, 'eta': 0.0, 'loss': 0.1141, 'lr': 0.0, 'params': 5130957, 'time_iter': 129.9518, 'accuracy': 0.9685, 'average_precision': 0.2053, 'precision': 0.7606, 'recall': 0.2321, 'f1': 0.3557, 'auc': 0.8239}
test: {'epoch': 20, 'loss': 0.1174, 'lr': 0.0, 'params': 5130957, 'time_iter': 12.5106, 'accuracy': 0.9706, 'average_precision': 0.1227, 'precision': 0.6552, 'recall': 0.1462, 'f1': 0.239, 'auc': 0.7419}
