GraphGymModule(
  (model): GNN(
    (encoder): FeatureEncoder(
      (node_encoder): AtomEncoder(
        (atom_embedding_list): ModuleList(
          (0): Embedding(119, 300)
          (1): Embedding(4, 300)
          (2): Embedding(12, 300)
          (3): Embedding(12, 300)
          (4): Embedding(10, 300)
          (5): Embedding(6, 300)
          (6): Embedding(6, 300)
          (7): Embedding(2, 300)
          (8): Embedding(2, 300)
        )
      )
      (node_encoder_bn): BatchNorm1dNode(
        (bn): BatchNorm1d(300, eps=1e-05, momentum=0.1, affine=True, track_running_stats=True)
      )
      (edge_encoder): BondEncoder(
        (bond_embedding_list): ModuleList(
          (0): Embedding(5, 300)
          (1): Embedding(6, 300)
          (2): Embedding(2, 300)
        )
      )
      (edge_encoder_bn): BatchNorm1dNode(
        (bn): BatchNorm1d(300, eps=1e-05, momentum=0.1, affine=True, track_running_stats=True)
      )
    )
    (pre_mp): GeneralMultiLayer(
      (Layer_0): GeneralLayer(
        (layer): Linear(
          (model): Linear(300, 300, bias=False)
        )
        (post_layer): Sequential(
          (0): BatchNorm1d(300, eps=1e-05, momentum=0.1, affine=True, track_running_stats=True)
          (1): PReLU(num_parameters=1)
        )
      )
    )
    (mp): DelayGNNStage(
      (W_k1_t0): GeneralLayer(
        (layer): GCNConv(
          (model): GCNConv(300, 300)
        )
        (post_layer): Sequential(
          (0): BatchNorm1d(300, eps=1e-05, momentum=0.1, affine=True, track_running_stats=True)
          (1): PReLU(num_parameters=1)
        )
      )
      (W_k1_t1): GeneralLayer(
        (layer): GCNConv(
          (model): GCNConv(300, 300)
        )
        (post_layer): Sequential(
          (0): BatchNorm1d(300, eps=1e-05, momentum=0.1, affine=True, track_running_stats=True)
          (1): PReLU(num_parameters=1)
        )
      )
      (W_k2_t1): GeneralLayer(
        (layer): GCNConv(
          (model): GCNConv(300, 300)
        )
        (post_layer): Sequential(
          (0): BatchNorm1d(300, eps=1e-05, momentum=0.1, affine=True, track_running_stats=True)
          (1): PReLU(num_parameters=1)
        )
      )
      (W_k1_t2): GeneralLayer(
        (layer): GCNConv(
          (model): GCNConv(300, 300)
        )
        (post_layer): Sequential(
          (0): BatchNorm1d(300, eps=1e-05, momentum=0.1, affine=True, track_running_stats=True)
          (1): PReLU(num_parameters=1)
        )
      )
      (W_k2_t2): GeneralLayer(
        (layer): GCNConv(
          (model): GCNConv(300, 300)
        )
        (post_layer): Sequential(
          (0): BatchNorm1d(300, eps=1e-05, momentum=0.1, affine=True, track_running_stats=True)
          (1): PReLU(num_parameters=1)
        )
      )
      (W_k3_t2): GeneralLayer(
        (layer): GCNConv(
          (model): GCNConv(300, 300)
        )
        (post_layer): Sequential(
          (0): BatchNorm1d(300, eps=1e-05, momentum=0.1, affine=True, track_running_stats=True)
          (1): PReLU(num_parameters=1)
        )
      )
      (W_k1_t3): GeneralLayer(
        (layer): GCNConv(
          (model): GCNConv(300, 300)
        )
        (post_layer): Sequential(
          (0): BatchNorm1d(300, eps=1e-05, momentum=0.1, affine=True, track_running_stats=True)
          (1): PReLU(num_parameters=1)
        )
      )
      (W_k2_t3): GeneralLayer(
        (layer): GCNConv(
          (model): GCNConv(300, 300)
        )
        (post_layer): Sequential(
          (0): BatchNorm1d(300, eps=1e-05, momentum=0.1, affine=True, track_running_stats=True)
          (1): PReLU(num_parameters=1)
        )
      )
      (W_k3_t3): GeneralLayer(
        (layer): GCNConv(
          (model): GCNConv(300, 300)
        )
        (post_layer): Sequential(
          (0): BatchNorm1d(300, eps=1e-05, momentum=0.1, affine=True, track_running_stats=True)
          (1): PReLU(num_parameters=1)
        )
      )
      (W_k4_t3): GeneralLayer(
        (layer): GCNConv(
          (model): GCNConv(300, 300)
        )
        (post_layer): Sequential(
          (0): BatchNorm1d(300, eps=1e-05, momentum=0.1, affine=True, track_running_stats=True)
          (1): PReLU(num_parameters=1)
        )
      )
      (W_k1_t4): GeneralLayer(
        (layer): GCNConv(
          (model): GCNConv(300, 300)
        )
        (post_layer): Sequential(
          (0): BatchNorm1d(300, eps=1e-05, momentum=0.1, affine=True, track_running_stats=True)
          (1): PReLU(num_parameters=1)
        )
      )
      (W_k2_t4): GeneralLayer(
        (layer): GCNConv(
          (model): GCNConv(300, 300)
        )
        (post_layer): Sequential(
          (0): BatchNorm1d(300, eps=1e-05, momentum=0.1, affine=True, track_running_stats=True)
          (1): PReLU(num_parameters=1)
        )
      )
      (W_k3_t4): GeneralLayer(
        (layer): GCNConv(
          (model): GCNConv(300, 300)
        )
        (post_layer): Sequential(
          (0): BatchNorm1d(300, eps=1e-05, momentum=0.1, affine=True, track_running_stats=True)
          (1): PReLU(num_parameters=1)
        )
      )
      (W_k4_t4): GeneralLayer(
        (layer): GCNConv(
          (model): GCNConv(300, 300)
        )
        (post_layer): Sequential(
          (0): BatchNorm1d(300, eps=1e-05, momentum=0.1, affine=True, track_running_stats=True)
          (1): PReLU(num_parameters=1)
        )
      )
      (W_k5_t4): GeneralLayer(
        (layer): GCNConv(
          (model): GCNConv(300, 300)
        )
        (post_layer): Sequential(
          (0): BatchNorm1d(300, eps=1e-05, momentum=0.1, affine=True, track_running_stats=True)
          (1): PReLU(num_parameters=1)
        )
      )
      (W_k1_t5): GeneralLayer(
        (layer): GCNConv(
          (model): GCNConv(300, 300)
        )
        (post_layer): Sequential(
          (0): BatchNorm1d(300, eps=1e-05, momentum=0.1, affine=True, track_running_stats=True)
          (1): PReLU(num_parameters=1)
        )
      )
      (W_k2_t5): GeneralLayer(
        (layer): GCNConv(
          (model): GCNConv(300, 300)
        )
        (post_layer): Sequential(
          (0): BatchNorm1d(300, eps=1e-05, momentum=0.1, affine=True, track_running_stats=True)
          (1): PReLU(num_parameters=1)
        )
      )
      (W_k3_t5): GeneralLayer(
        (layer): GCNConv(
          (model): GCNConv(300, 300)
        )
        (post_layer): Sequential(
          (0): BatchNorm1d(300, eps=1e-05, momentum=0.1, affine=True, track_running_stats=True)
          (1): PReLU(num_parameters=1)
        )
      )
      (W_k4_t5): GeneralLayer(
        (layer): GCNConv(
          (model): GCNConv(300, 300)
        )
        (post_layer): Sequential(
          (0): BatchNorm1d(300, eps=1e-05, momentum=0.1, affine=True, track_running_stats=True)
          (1): PReLU(num_parameters=1)
        )
      )
      (W_k5_t5): GeneralLayer(
        (layer): GCNConv(
          (model): GCNConv(300, 300)
        )
        (post_layer): Sequential(
          (0): BatchNorm1d(300, eps=1e-05, momentum=0.1, affine=True, track_running_stats=True)
          (1): PReLU(num_parameters=1)
        )
      )
      (W_k6_t5): GeneralLayer(
        (layer): GCNConv(
          (model): GCNConv(300, 300)
        )
        (post_layer): Sequential(
          (0): BatchNorm1d(300, eps=1e-05, momentum=0.1, affine=True, track_running_stats=True)
          (1): PReLU(num_parameters=1)
        )
      )
      (W_k1_t6): GeneralLayer(
        (layer): GCNConv(
          (model): GCNConv(300, 300)
        )
        (post_layer): Sequential(
          (0): BatchNorm1d(300, eps=1e-05, momentum=0.1, affine=True, track_running_stats=True)
          (1): PReLU(num_parameters=1)
        )
      )
      (W_k2_t6): GeneralLayer(
        (layer): GCNConv(
          (model): GCNConv(300, 300)
        )
        (post_layer): Sequential(
          (0): BatchNorm1d(300, eps=1e-05, momentum=0.1, affine=True, track_running_stats=True)
          (1): PReLU(num_parameters=1)
        )
      )
      (W_k3_t6): GeneralLayer(
        (layer): GCNConv(
          (model): GCNConv(300, 300)
        )
        (post_layer): Sequential(
          (0): BatchNorm1d(300, eps=1e-05, momentum=0.1, affine=True, track_running_stats=True)
          (1): PReLU(num_parameters=1)
        )
      )
      (W_k4_t6): GeneralLayer(
        (layer): GCNConv(
          (model): GCNConv(300, 300)
        )
        (post_layer): Sequential(
          (0): BatchNorm1d(300, eps=1e-05, momentum=0.1, affine=True, track_running_stats=True)
          (1): PReLU(num_parameters=1)
        )
      )
      (W_k5_t6): GeneralLayer(
        (layer): GCNConv(
          (model): GCNConv(300, 300)
        )
        (post_layer): Sequential(
          (0): BatchNorm1d(300, eps=1e-05, momentum=0.1, affine=True, track_running_stats=True)
          (1): PReLU(num_parameters=1)
        )
      )
      (W_k6_t6): GeneralLayer(
        (layer): GCNConv(
          (model): GCNConv(300, 300)
        )
        (post_layer): Sequential(
          (0): BatchNorm1d(300, eps=1e-05, momentum=0.1, affine=True, track_running_stats=True)
          (1): PReLU(num_parameters=1)
        )
      )
      (W_k7_t6): GeneralLayer(
        (layer): GCNConv(
          (model): GCNConv(300, 300)
        )
        (post_layer): Sequential(
          (0): BatchNorm1d(300, eps=1e-05, momentum=0.1, affine=True, track_running_stats=True)
          (1): PReLU(num_parameters=1)
        )
      )
      (W_k1_t7): GeneralLayer(
        (layer): GCNConv(
          (model): GCNConv(300, 300)
        )
        (post_layer): Sequential(
          (0): BatchNorm1d(300, eps=1e-05, momentum=0.1, affine=True, track_running_stats=True)
          (1): PReLU(num_parameters=1)
        )
      )
      (W_k2_t7): GeneralLayer(
        (layer): GCNConv(
          (model): GCNConv(300, 300)
        )
        (post_layer): Sequential(
          (0): BatchNorm1d(300, eps=1e-05, momentum=0.1, affine=True, track_running_stats=True)
          (1): PReLU(num_parameters=1)
        )
      )
      (W_k3_t7): GeneralLayer(
        (layer): GCNConv(
          (model): GCNConv(300, 300)
        )
        (post_layer): Sequential(
          (0): BatchNorm1d(300, eps=1e-05, momentum=0.1, affine=True, track_running_stats=True)
          (1): PReLU(num_parameters=1)
        )
      )
      (W_k4_t7): GeneralLayer(
        (layer): GCNConv(
          (model): GCNConv(300, 300)
        )
        (post_layer): Sequential(
          (0): BatchNorm1d(300, eps=1e-05, momentum=0.1, affine=True, track_running_stats=True)
          (1): PReLU(num_parameters=1)
        )
      )
      (W_k5_t7): GeneralLayer(
        (layer): GCNConv(
          (model): GCNConv(300, 300)
        )
        (post_layer): Sequential(
          (0): BatchNorm1d(300, eps=1e-05, momentum=0.1, affine=True, track_running_stats=True)
          (1): PReLU(num_parameters=1)
        )
      )
      (W_k6_t7): GeneralLayer(
        (layer): GCNConv(
          (model): GCNConv(300, 300)
        )
        (post_layer): Sequential(
          (0): BatchNorm1d(300, eps=1e-05, momentum=0.1, affine=True, track_running_stats=True)
          (1): PReLU(num_parameters=1)
        )
      )
      (W_k7_t7): GeneralLayer(
        (layer): GCNConv(
          (model): GCNConv(300, 300)
        )
        (post_layer): Sequential(
          (0): BatchNorm1d(300, eps=1e-05, momentum=0.1, affine=True, track_running_stats=True)
          (1): PReLU(num_parameters=1)
        )
      )
      (W_k8_t7): GeneralLayer(
        (layer): GCNConv(
          (model): GCNConv(300, 300)
        )
        (post_layer): Sequential(
          (0): BatchNorm1d(300, eps=1e-05, momentum=0.1, affine=True, track_running_stats=True)
          (1): PReLU(num_parameters=1)
        )
      )
      (W_k1_t8): GeneralLayer(
        (layer): GCNConv(
          (model): GCNConv(300, 300)
        )
        (post_layer): Sequential(
          (0): BatchNorm1d(300, eps=1e-05, momentum=0.1, affine=True, track_running_stats=True)
          (1): PReLU(num_parameters=1)
        )
      )
      (W_k2_t8): GeneralLayer(
        (layer): GCNConv(
          (model): GCNConv(300, 300)
        )
        (post_layer): Sequential(
          (0): BatchNorm1d(300, eps=1e-05, momentum=0.1, affine=True, track_running_stats=True)
          (1): PReLU(num_parameters=1)
        )
      )
      (W_k3_t8): GeneralLayer(
        (layer): GCNConv(
          (model): GCNConv(300, 300)
        )
        (post_layer): Sequential(
          (0): BatchNorm1d(300, eps=1e-05, momentum=0.1, affine=True, track_running_stats=True)
          (1): PReLU(num_parameters=1)
        )
      )
      (W_k4_t8): GeneralLayer(
        (layer): GCNConv(
          (model): GCNConv(300, 300)
        )
        (post_layer): Sequential(
          (0): BatchNorm1d(300, eps=1e-05, momentum=0.1, affine=True, track_running_stats=True)
          (1): PReLU(num_parameters=1)
        )
      )
      (W_k5_t8): GeneralLayer(
        (layer): GCNConv(
          (model): GCNConv(300, 300)
        )
        (post_layer): Sequential(
          (0): BatchNorm1d(300, eps=1e-05, momentum=0.1, affine=True, track_running_stats=True)
          (1): PReLU(num_parameters=1)
        )
      )
      (W_k6_t8): GeneralLayer(
        (layer): GCNConv(
          (model): GCNConv(300, 300)
        )
        (post_layer): Sequential(
          (0): BatchNorm1d(300, eps=1e-05, momentum=0.1, affine=True, track_running_stats=True)
          (1): PReLU(num_parameters=1)
        )
      )
      (W_k7_t8): GeneralLayer(
        (layer): GCNConv(
          (model): GCNConv(300, 300)
        )
        (post_layer): Sequential(
          (0): BatchNorm1d(300, eps=1e-05, momentum=0.1, affine=True, track_running_stats=True)
          (1): PReLU(num_parameters=1)
        )
      )
      (W_k8_t8): GeneralLayer(
        (layer): GCNConv(
          (model): GCNConv(300, 300)
        )
        (post_layer): Sequential(
          (0): BatchNorm1d(300, eps=1e-05, momentum=0.1, affine=True, track_running_stats=True)
          (1): PReLU(num_parameters=1)
        )
      )
      (W_k9_t8): GeneralLayer(
        (layer): GCNConv(
          (model): GCNConv(300, 300)
        )
        (post_layer): Sequential(
          (0): BatchNorm1d(300, eps=1e-05, momentum=0.1, affine=True, track_running_stats=True)
          (1): PReLU(num_parameters=1)
        )
      )
      (W_k1_t9): GeneralLayer(
        (layer): GCNConv(
          (model): GCNConv(300, 300)
        )
        (post_layer): Sequential(
          (0): BatchNorm1d(300, eps=1e-05, momentum=0.1, affine=True, track_running_stats=True)
          (1): PReLU(num_parameters=1)
        )
      )
      (W_k2_t9): GeneralLayer(
        (layer): GCNConv(
          (model): GCNConv(300, 300)
        )
        (post_layer): Sequential(
          (0): BatchNorm1d(300, eps=1e-05, momentum=0.1, affine=True, track_running_stats=True)
          (1): PReLU(num_parameters=1)
        )
      )
      (W_k3_t9): GeneralLayer(
        (layer): GCNConv(
          (model): GCNConv(300, 300)
        )
        (post_layer): Sequential(
          (0): BatchNorm1d(300, eps=1e-05, momentum=0.1, affine=True, track_running_stats=True)
          (1): PReLU(num_parameters=1)
        )
      )
      (W_k4_t9): GeneralLayer(
        (layer): GCNConv(
          (model): GCNConv(300, 300)
        )
        (post_layer): Sequential(
          (0): BatchNorm1d(300, eps=1e-05, momentum=0.1, affine=True, track_running_stats=True)
          (1): PReLU(num_parameters=1)
        )
      )
      (W_k5_t9): GeneralLayer(
        (layer): GCNConv(
          (model): GCNConv(300, 300)
        )
        (post_layer): Sequential(
          (0): BatchNorm1d(300, eps=1e-05, momentum=0.1, affine=True, track_running_stats=True)
          (1): PReLU(num_parameters=1)
        )
      )
      (W_k6_t9): GeneralLayer(
        (layer): GCNConv(
          (model): GCNConv(300, 300)
        )
        (post_layer): Sequential(
          (0): BatchNorm1d(300, eps=1e-05, momentum=0.1, affine=True, track_running_stats=True)
          (1): PReLU(num_parameters=1)
        )
      )
      (W_k7_t9): GeneralLayer(
        (layer): GCNConv(
          (model): GCNConv(300, 300)
        )
        (post_layer): Sequential(
          (0): BatchNorm1d(300, eps=1e-05, momentum=0.1, affine=True, track_running_stats=True)
          (1): PReLU(num_parameters=1)
        )
      )
      (W_k8_t9): GeneralLayer(
        (layer): GCNConv(
          (model): GCNConv(300, 300)
        )
        (post_layer): Sequential(
          (0): BatchNorm1d(300, eps=1e-05, momentum=0.1, affine=True, track_running_stats=True)
          (1): PReLU(num_parameters=1)
        )
      )
      (W_k9_t9): GeneralLayer(
        (layer): GCNConv(
          (model): GCNConv(300, 300)
        )
        (post_layer): Sequential(
          (0): BatchNorm1d(300, eps=1e-05, momentum=0.1, affine=True, track_running_stats=True)
          (1): PReLU(num_parameters=1)
        )
      )
      (W_k10_t9): GeneralLayer(
        (layer): GCNConv(
          (model): GCNConv(300, 300)
        )
        (post_layer): Sequential(
          (0): BatchNorm1d(300, eps=1e-05, momentum=0.1, affine=True, track_running_stats=True)
          (1): PReLU(num_parameters=1)
        )
      )
    )
    (post_mp): GNNGraphHead(
      (layer_post_mp): MLP(
        (model): Sequential(
          (0): Linear(
            (model): Linear(300, 1, bias=True)
          )
        )
      )
    )
  )
)
accelerator: cuda
benchmark: False
bn:
  eps: 1e-05
  mom: 0.1
cfg_dest: config.yaml
custom_metrics: []
dataset:
  cache_load: False
  cache_save: False
  dir: ./datasets
  edge_dim: 128
  edge_encoder: True
  edge_encoder_bn: True
  edge_encoder_name: Bond
  edge_message_ratio: 0.8
  edge_negative_sampling_ratio: 1.0
  edge_train_mode: all
  encoder: True
  encoder_bn: True
  encoder_dim: 128
  encoder_name: db
  format: OGB
  label_column: none
  label_table: none
  location: local
  name: ogbg-molhiv
  node_encoder: True
  node_encoder_bn: True
  node_encoder_name: Atom
  remove_feature: False
  resample_disjoint: False
  resample_negative: False
  shuffle_split: True
  split: [0.8, 0.1, 0.1]
  split_mode: random
  task: graph
  task_type: classification
  to_undirected: False
  transductive: False
  transform: none
  tu_simple: True
delay:
  max_k: 10
  num_layers: 10
devices: None
gnn:
  act: prelu
  agg: mean
  att_final_linear: False
  att_final_linear_bn: False
  att_heads: 1
  batchnorm: True
  clear_feature: True
  dim_inner: 300
  dropout: 0.0
  head: graph
  keep_edge: 0.5
  l2norm: True
  layer_type: my_gcnconv
  layers_mp: 10
  layers_post_mp: 1
  layers_pre_mp: 1
  msg_direction: single
  normalize_adj: False
  self_msg: concat
  skip_every: 1
  stage_type: delay_gnn
gpu_mem: False
mem:
  inplace: False
metric_agg: argmax
metric_best: auto
model:
  edge_decoding: dot
  graph_pooling: add
  loss_fun: cross_entropy
  match_upper: True
  size_average: mean
  thresh: 0.5
  type: gnn
num_threads: 6
num_workers: 0
optim:
  base_lr: 0.01
  lr_decay: 0.1
  max_epoch: 20
  momentum: 0.9
  optimizer: adam
  scheduler: cos
  steps: [30, 60, 90]
  weight_decay: 0.0005
out_dir: my_results/delay_GCN_10_layer
print: both
round: 4
run_dir: my_results/delay_GCN_10_layer/0
seed: 1
share:
  dim_in: 9
  dim_out: 2
  num_splits: 3
tensorboard_agg: True
tensorboard_each_run: False
train:
  auto_resume: False
  batch_size: 128
  ckpt_clean: True
  ckpt_period: 100
  enable_ckpt: True
  epoch_resume: -1
  eval_period: 1
  iter_per_epoch: 32
  neighbor_sizes: [20, 15, 10, 5]
  node_per_graph: 32
  radius: extend
  sample_node: False
  sampler: full_batch
  skip_train_eval: False
  walk_length: 4
val:
  node_per_graph: 32
  radius: extend
  sample_node: False
  sampler: full_batch
view_emb: False
Num parameters: 5130957
val: {'epoch': 0, 'loss': 0.4752, 'lr': 0.01, 'params': 5130957, 'time_iter': 2.0899, 'accuracy': 0.9844, 'average_precision': 0.0156, 'precision': 0.0, 'recall': 0.0, 'f1': 0.0, 'auc': 0.3075}
val: {'epoch': 0, 'loss': 0.1311, 'lr': 0.0099, 'params': 5130957, 'time_iter': 16.2168, 'accuracy': 0.9803, 'average_precision': 0.0197, 'precision': 0.0, 'recall': 0.0, 'f1': 0.0, 'auc': 0.4014}
train: {'epoch': 0, 'eta': 638299.0547, 'loss': 0.2298, 'lr': 0.0099, 'params': 5130957, 'time_iter': 130.212, 'accuracy': 0.9605, 'average_precision': 0.0391, 'precision': 0.1633, 'recall': 0.013, 'f1': 0.0241, 'auc': 0.526}
val: {'epoch': 1, 'loss': 0.1324, 'lr': 0.0098, 'params': 5130957, 'time_iter': 16.273, 'accuracy': 0.9803, 'average_precision': 0.0197, 'precision': 0.0, 'recall': 0.0, 'f1': 0.0, 'auc': 0.5837}
train: {'epoch': 1, 'eta': 603586.8527, 'loss': 0.165, 'lr': 0.0098, 'params': 5130957, 'time_iter': 129.7307, 'accuracy': 0.9627, 'average_precision': 0.0541, 'precision': 0.525, 'recall': 0.0341, 'f1': 0.064, 'auc': 0.5949}
val: {'epoch': 2, 'loss': 0.1085, 'lr': 0.0095, 'params': 5130957, 'time_iter': 16.2484, 'accuracy': 0.9803, 'average_precision': 0.0197, 'precision': 0.0, 'recall': 0.0, 'f1': 0.0, 'auc': 0.4837}
train: {'epoch': 2, 'eta': 570126.561, 'loss': 0.1569, 'lr': 0.0095, 'params': 5130957, 'time_iter': 130.0208, 'accuracy': 0.9631, 'average_precision': 0.0646, 'precision': 0.5941, 'recall': 0.0487, 'f1': 0.09, 'auc': 0.6197}
val: {'epoch': 3, 'loss': 0.0967, 'lr': 0.009, 'params': 5130957, 'time_iter': 16.1861, 'accuracy': 0.9803, 'average_precision': 0.0197, 'precision': 0.0, 'recall': 0.0, 'f1': 0.0, 'auc': 0.6713}
train: {'epoch': 3, 'eta': 536464.0549, 'loss': 0.1503, 'lr': 0.009, 'params': 5130957, 'time_iter': 129.8661, 'accuracy': 0.9634, 'average_precision': 0.0722, 'precision': 0.6239, 'recall': 0.0593, 'f1': 0.1082, 'auc': 0.6569}
val: {'epoch': 4, 'loss': 0.0942, 'lr': 0.0085, 'params': 5130957, 'time_iter': 16.1876, 'accuracy': 0.9805, 'average_precision': 0.0318, 'precision': 1.0, 'recall': 0.0123, 'f1': 0.0244, 'auc': 0.5993}
train: {'epoch': 4, 'eta': 503538.4525, 'loss': 0.1467, 'lr': 0.0085, 'params': 5130957, 'time_iter': 130.737, 'accuracy': 0.9636, 'average_precision': 0.0797, 'precision': 0.6164, 'recall': 0.0731, 'f1': 0.1306, 'auc': 0.6785}
val: {'epoch': 5, 'loss': 0.0966, 'lr': 0.0079, 'params': 5130957, 'time_iter': 16.2399, 'accuracy': 0.9805, 'average_precision': 0.0318, 'precision': 1.0, 'recall': 0.0123, 'f1': 0.0244, 'auc': 0.5655}
train: {'epoch': 5, 'eta': 469946.7408, 'loss': 0.1443, 'lr': 0.0079, 'params': 5130957, 'time_iter': 130.076, 'accuracy': 0.9642, 'average_precision': 0.09, 'precision': 0.6849, 'recall': 0.0812, 'f1': 0.1451, 'auc': 0.6817}
val: {'epoch': 6, 'loss': 0.0966, 'lr': 0.0073, 'params': 5130957, 'time_iter': 16.1886, 'accuracy': 0.9803, 'average_precision': 0.0197, 'precision': 0.0, 'recall': 0.0, 'f1': 0.0, 'auc': 0.5909}
train: {'epoch': 6, 'eta': 436732.2655, 'loss': 0.1434, 'lr': 0.0073, 'params': 5130957, 'time_iter': 130.8441, 'accuracy': 0.9636, 'average_precision': 0.0826, 'precision': 0.6049, 'recall': 0.0795, 'f1': 0.1406, 'auc': 0.6915}
val: {'epoch': 7, 'loss': 0.1019, 'lr': 0.0065, 'params': 5130957, 'time_iter': 16.4724, 'accuracy': 0.9798, 'average_precision': 0.0616, 'precision': 0.4444, 'recall': 0.0988, 'f1': 0.1616, 'auc': 0.6998}
train: {'epoch': 7, 'eta': 403132.9462, 'loss': 0.1412, 'lr': 0.0065, 'params': 5130957, 'time_iter': 130.2007, 'accuracy': 0.9638, 'average_precision': 0.0868, 'precision': 0.628, 'recall': 0.0836, 'f1': 0.1476, 'auc': 0.7063}
val: {'epoch': 8, 'loss': 0.1061, 'lr': 0.0058, 'params': 5130957, 'time_iter': 16.2881, 'accuracy': 0.9803, 'average_precision': 0.0256, 'precision': 0.5, 'recall': 0.0123, 'f1': 0.0241, 'auc': 0.6458}
train: {'epoch': 8, 'eta': 369556.1426, 'loss': 0.1444, 'lr': 0.0058, 'params': 5130957, 'time_iter': 130.2667, 'accuracy': 0.9636, 'average_precision': 0.0784, 'precision': 0.617, 'recall': 0.0706, 'f1': 0.1267, 'auc': 0.6929}
val: {'epoch': 9, 'loss': 0.0952, 'lr': 0.005, 'params': 5130957, 'time_iter': 16.273, 'accuracy': 0.9818, 'average_precision': 0.143, 'precision': 0.6071, 'recall': 0.2099, 'f1': 0.3119, 'auc': 0.6863}
train: {'epoch': 9, 'eta': 335748.9005, 'loss': 0.1448, 'lr': 0.005, 'params': 5130957, 'time_iter': 129.3984, 'accuracy': 0.9633, 'average_precision': 0.0755, 'precision': 0.5762, 'recall': 0.0706, 'f1': 0.1258, 'auc': 0.6888}
val: {'epoch': 10, 'loss': 0.0862, 'lr': 0.0042, 'params': 5130957, 'time_iter': 15.9489, 'accuracy': 0.983, 'average_precision': 0.1528, 'precision': 1.0, 'recall': 0.1358, 'f1': 0.2391, 'auc': 0.6768}
train: {'epoch': 10, 'eta': 302141.8208, 'loss': 0.1391, 'lr': 0.0042, 'params': 5130957, 'time_iter': 129.9827, 'accuracy': 0.9642, 'average_precision': 0.093, 'precision': 0.6708, 'recall': 0.0877, 'f1': 0.1551, 'auc': 0.7193}
val: {'epoch': 11, 'loss': 0.0853, 'lr': 0.0035, 'params': 5130957, 'time_iter': 16.1073, 'accuracy': 0.9827, 'average_precision': 0.1415, 'precision': 0.9167, 'recall': 0.1358, 'f1': 0.2366, 'auc': 0.6549}
train: {'epoch': 11, 'eta': 268498.6995, 'loss': 0.1373, 'lr': 0.0035, 'params': 5130957, 'time_iter': 129.7039, 'accuracy': 0.9642, 'average_precision': 0.097, 'precision': 0.6436, 'recall': 0.0982, 'f1': 0.1704, 'auc': 0.7351}
val: {'epoch': 12, 'loss': 0.0851, 'lr': 0.0027, 'params': 5130957, 'time_iter': 16.1208, 'accuracy': 0.981, 'average_precision': 0.0956, 'precision': 0.5789, 'recall': 0.1358, 'f1': 0.22, 'auc': 0.7632}
train: {'epoch': 12, 'eta': 234863.6234, 'loss': 0.1335, 'lr': 0.0027, 'params': 5130957, 'time_iter': 129.563, 'accuracy': 0.9649, 'average_precision': 0.1138, 'precision': 0.6727, 'recall': 0.1201, 'f1': 0.2039, 'auc': 0.7372}
val: {'epoch': 13, 'loss': 0.0844, 'lr': 0.0021, 'params': 5130957, 'time_iter': 16.0714, 'accuracy': 0.9827, 'average_precision': 0.1407, 'precision': 1.0, 'recall': 0.1235, 'f1': 0.2198, 'auc': 0.6969}
train: {'epoch': 13, 'eta': 201225.6952, 'loss': 0.1321, 'lr': 0.0021, 'params': 5130957, 'time_iter': 129.2687, 'accuracy': 0.9653, 'average_precision': 0.1233, 'precision': 0.6987, 'recall': 0.1299, 'f1': 0.219, 'auc': 0.7533}
val: {'epoch': 14, 'loss': 0.1087, 'lr': 0.0015, 'params': 5130957, 'time_iter': 16.3005, 'accuracy': 0.9764, 'average_precision': 0.103, 'precision': 0.3571, 'recall': 0.2469, 'f1': 0.292, 'auc': 0.7546}
train: {'epoch': 14, 'eta': 167653.7264, 'loss': 0.1288, 'lr': 0.0015, 'params': 5130957, 'time_iter': 129.5913, 'accuracy': 0.966, 'average_precision': 0.139, 'precision': 0.7251, 'recall': 0.1477, 'f1': 0.2454, 'auc': 0.7583}
val: {'epoch': 15, 'loss': 0.1113, 'lr': 0.001, 'params': 5130957, 'time_iter': 16.1631, 'accuracy': 0.9771, 'average_precision': 0.0915, 'precision': 0.3617, 'recall': 0.2099, 'f1': 0.2656, 'auc': 0.7331}
train: {'epoch': 15, 'eta': 134122.6356, 'loss': 0.1271, 'lr': 0.001, 'params': 5130957, 'time_iter': 129.9588, 'accuracy': 0.9663, 'average_precision': 0.1476, 'precision': 0.7331, 'recall': 0.1583, 'f1': 0.2603, 'auc': 0.7726}
val: {'epoch': 16, 'loss': 0.0807, 'lr': 0.0005, 'params': 5130957, 'time_iter': 16.1719, 'accuracy': 0.9815, 'average_precision': 0.0996, 'precision': 0.6667, 'recall': 0.1235, 'f1': 0.2083, 'auc': 0.7329}
train: {'epoch': 16, 'eta': 100605.5708, 'loss': 0.1248, 'lr': 0.0005, 'params': 5130957, 'time_iter': 130.2624, 'accuracy': 0.9667, 'average_precision': 0.1593, 'precision': 0.7322, 'recall': 0.1753, 'f1': 0.2829, 'auc': 0.7762}
val: {'epoch': 17, 'loss': 0.0806, 'lr': 0.0002, 'params': 5130957, 'time_iter': 16.1253, 'accuracy': 0.9815, 'average_precision': 0.1159, 'precision': 0.619, 'recall': 0.1605, 'f1': 0.2549, 'auc': 0.7663}
train: {'epoch': 17, 'eta': 67060.5127, 'loss': 0.1221, 'lr': 0.0002, 'params': 5130957, 'time_iter': 129.6371, 'accuracy': 0.967, 'average_precision': 0.1673, 'precision': 0.7273, 'recall': 0.1883, 'f1': 0.2992, 'auc': 0.7914}
val: {'epoch': 18, 'loss': 0.0806, 'lr': 0.0001, 'params': 5130957, 'time_iter': 16.0838, 'accuracy': 0.9803, 'average_precision': 0.0909, 'precision': 0.5, 'recall': 0.1481, 'f1': 0.2286, 'auc': 0.7627}
train: {'epoch': 18, 'eta': 33522.8279, 'loss': 0.1191, 'lr': 0.0001, 'params': 5130957, 'time_iter': 129.4152, 'accuracy': 0.9676, 'average_precision': 0.1786, 'precision': 0.7619, 'recall': 0.1948, 'f1': 0.3103, 'auc': 0.8098}
val: {'epoch': 19, 'loss': 0.0808, 'lr': 0.0, 'params': 5130957, 'time_iter': 15.9705, 'accuracy': 0.9815, 'average_precision': 0.1329, 'precision': 0.5926, 'recall': 0.1975, 'f1': 0.2963, 'auc': 0.7577}
train: {'epoch': 19, 'eta': 0.0, 'loss': 0.1174, 'lr': 0.0, 'params': 5130957, 'time_iter': 128.6099, 'accuracy': 0.9676, 'average_precision': 0.1836, 'precision': 0.7434, 'recall': 0.207, 'f1': 0.3238, 'auc': 0.8143}
test: {'epoch': 20, 'loss': 0.1141, 'lr': 0.0, 'params': 5130957, 'time_iter': 12.5363, 'accuracy': 0.9706, 'average_precision': 0.1195, 'precision': 0.6667, 'recall': 0.1385, 'f1': 0.2293, 'auc': 0.7551}
