GraphGymModule(
  (model): GNN(
    (encoder): FeatureEncoder(
      (node_encoder): AtomEncoder(
        (atom_embedding_list): ModuleList(
          (0): Embedding(119, 300)
          (1): Embedding(4, 300)
          (2): Embedding(12, 300)
          (3): Embedding(12, 300)
          (4): Embedding(10, 300)
          (5): Embedding(6, 300)
          (6): Embedding(6, 300)
          (7): Embedding(2, 300)
          (8): Embedding(2, 300)
        )
      )
      (node_encoder_bn): BatchNorm1dNode(
        (bn): BatchNorm1d(300, eps=1e-05, momentum=0.1, affine=True, track_running_stats=True)
      )
      (edge_encoder): BondEncoder(
        (bond_embedding_list): ModuleList(
          (0): Embedding(5, 300)
          (1): Embedding(6, 300)
          (2): Embedding(2, 300)
        )
      )
      (edge_encoder_bn): BatchNorm1dNode(
        (bn): BatchNorm1d(300, eps=1e-05, momentum=0.1, affine=True, track_running_stats=True)
      )
    )
    (pre_mp): GeneralMultiLayer(
      (Layer_0): GeneralLayer(
        (layer): Linear(
          (model): Linear(300, 300, bias=False)
        )
        (post_layer): Sequential(
          (0): BatchNorm1d(300, eps=1e-05, momentum=0.1, affine=True, track_running_stats=True)
          (1): PReLU(num_parameters=1)
        )
      )
    )
    (mp): GNNStackStage(
      (layer0): GeneralLayer(
        (layer): GCNConv(
          (model): GCNConv(300, 300)
        )
        (post_layer): Sequential(
          (0): BatchNorm1d(300, eps=1e-05, momentum=0.1, affine=True, track_running_stats=True)
          (1): PReLU(num_parameters=1)
        )
      )
      (layer1): GeneralLayer(
        (layer): GCNConv(
          (model): GCNConv(300, 300)
        )
        (post_layer): Sequential(
          (0): BatchNorm1d(300, eps=1e-05, momentum=0.1, affine=True, track_running_stats=True)
          (1): PReLU(num_parameters=1)
        )
      )
    )
    (post_mp): GNNGraphHead(
      (layer_post_mp): MLP(
        (model): Sequential(
          (0): Linear(
            (model): Linear(300, 1, bias=True)
          )
        )
      )
    )
  )
)
accelerator: cuda
benchmark: False
bn:
  eps: 1e-05
  mom: 0.1
cfg_dest: config.yaml
custom_metrics: []
dataset:
  cache_load: False
  cache_save: False
  dir: ./datasets
  edge_dim: 128
  edge_encoder: True
  edge_encoder_bn: True
  edge_encoder_name: Bond
  edge_message_ratio: 0.8
  edge_negative_sampling_ratio: 1.0
  edge_train_mode: all
  encoder: True
  encoder_bn: True
  encoder_dim: 128
  encoder_name: db
  format: OGB
  label_column: none
  label_table: none
  location: local
  name: ogbg-molhiv
  node_encoder: True
  node_encoder_bn: True
  node_encoder_name: Atom
  remove_feature: False
  resample_disjoint: False
  resample_negative: False
  shuffle_split: True
  split: [0.8, 0.1, 0.1]
  split_mode: random
  task: graph
  task_type: classification
  to_undirected: False
  transductive: False
  transform: none
  tu_simple: True
delay:
  max_k: 10
  num_layers: 10
devices: None
gnn:
  act: prelu
  agg: mean
  att_final_linear: False
  att_final_linear_bn: False
  att_heads: 1
  batchnorm: True
  clear_feature: True
  dim_inner: 300
  dropout: 0.0
  head: graph
  keep_edge: 0.5
  l2norm: True
  layer_type: gcnconv
  layers_mp: 2
  layers_post_mp: 1
  layers_pre_mp: 1
  msg_direction: single
  normalize_adj: False
  self_msg: concat
  skip_every: 1
  stage_type: stack
gpu_mem: False
mem:
  inplace: False
metric_agg: argmax
metric_best: auto
model:
  edge_decoding: dot
  graph_pooling: add
  loss_fun: cross_entropy
  match_upper: True
  size_average: mean
  thresh: 0.5
  type: gnn
num_threads: 6
num_workers: 0
optim:
  base_lr: 0.01
  lr_decay: 0.1
  max_epoch: 20
  momentum: 0.9
  optimizer: adam
  scheduler: cos
  steps: [30, 60, 90]
  weight_decay: 0.0005
out_dir: my_results/vanilla_GCN_2_layer
params: 329104
print: both
round: 4
run_dir: my_results/vanilla_GCN_2_layer/1
seed: 2
share:
  dim_in: 9
  dim_out: 2
  num_splits: 3
tensorboard_agg: True
tensorboard_each_run: False
train:
  auto_resume: False
  batch_size: 128
  ckpt_clean: True
  ckpt_period: 100
  enable_ckpt: True
  epoch_resume: -1
  eval_period: 1
  iter_per_epoch: 32
  neighbor_sizes: [20, 15, 10, 5]
  node_per_graph: 32
  radius: extend
  sample_node: False
  sampler: full_batch
  skip_train_eval: False
  walk_length: 4
val:
  node_per_graph: 32
  radius: extend
  sample_node: False
  sampler: full_batch
view_emb: False
Num parameters: 329104
val: {'epoch': 0, 'loss': 0.493, 'lr': 0.01, 'params': 329104, 'time_iter': 0.0443, 'accuracy': 0.9844, 'average_precision': 0.0156, 'precision': 0.0, 'recall': 0.0, 'f1': 0.0, 'auc': 0.2183}
val: {'epoch': 0, 'loss': 0.1225, 'lr': 0.0099, 'params': 329104, 'time_iter': 0.601, 'accuracy': 0.9801, 'average_precision': 0.0197, 'precision': 0.0, 'recall': 0.0, 'f1': 0.0, 'auc': 0.4628}
train: {'epoch': 0, 'eta': 35368.4491, 'loss': 0.2245, 'lr': 0.0099, 'params': 329104, 'time_iter': 7.2151, 'accuracy': 0.9574, 'average_precision': 0.0384, 'precision': 0.0957, 'recall': 0.0162, 'f1': 0.0278, 'auc': 0.4955}
val: {'epoch': 1, 'loss': 0.1394, 'lr': 0.0098, 'params': 329104, 'time_iter': 0.3529, 'accuracy': 0.9813, 'average_precision': 0.1, 'precision': 0.6111, 'recall': 0.1358, 'f1': 0.2222, 'auc': 0.709}
train: {'epoch': 1, 'eta': 29164.3128, 'loss': 0.1796, 'lr': 0.0098, 'params': 329104, 'time_iter': 5.3449, 'accuracy': 0.9621, 'average_precision': 0.0418, 'precision': 0.3542, 'recall': 0.0138, 'f1': 0.0266, 'auc': 0.5215}
val: {'epoch': 2, 'loss': 0.1034, 'lr': 0.0095, 'params': 329104, 'time_iter': 0.3531, 'accuracy': 0.9803, 'average_precision': 0.0197, 'precision': 0.0, 'recall': 0.0, 'f1': 0.0, 'auc': 0.4602}
train: {'epoch': 2, 'eta': 26079.7103, 'loss': 0.1628, 'lr': 0.0095, 'params': 329104, 'time_iter': 5.2784, 'accuracy': 0.9628, 'average_precision': 0.0499, 'precision': 0.5686, 'recall': 0.0235, 'f1': 0.0452, 'auc': 0.572}
val: {'epoch': 3, 'loss': 0.09, 'lr': 0.009, 'params': 329104, 'time_iter': 0.3527, 'accuracy': 0.981, 'average_precision': 0.056, 'precision': 1.0, 'recall': 0.037, 'f1': 0.0714, 'auc': 0.6937}
train: {'epoch': 3, 'eta': 23911.1505, 'loss': 0.1544, 'lr': 0.009, 'params': 329104, 'time_iter': 5.3313, 'accuracy': 0.9626, 'average_precision': 0.0532, 'precision': 0.5, 'recall': 0.0341, 'f1': 0.0638, 'auc': 0.6455}
val: {'epoch': 4, 'loss': 0.0886, 'lr': 0.0085, 'params': 329104, 'time_iter': 0.353, 'accuracy': 0.9805, 'average_precision': 0.0318, 'precision': 1.0, 'recall': 0.0123, 'f1': 0.0244, 'auc': 0.7006}
train: {'epoch': 4, 'eta': 22142.9551, 'loss': 0.1481, 'lr': 0.0085, 'params': 329104, 'time_iter': 5.4387, 'accuracy': 0.963, 'average_precision': 0.062, 'precision': 0.5773, 'recall': 0.0455, 'f1': 0.0843, 'auc': 0.6794}
val: {'epoch': 5, 'loss': 0.2091, 'lr': 0.0079, 'params': 329104, 'time_iter': 0.3529, 'accuracy': 0.9472, 'average_precision': 0.0525, 'precision': 0.1304, 'recall': 0.2963, 'f1': 0.1811, 'auc': 0.6623}
train: {'epoch': 5, 'eta': 20429.6821, 'loss': 0.1479, 'lr': 0.0079, 'params': 329104, 'time_iter': 5.3279, 'accuracy': 0.9636, 'average_precision': 0.0732, 'precision': 0.6574, 'recall': 0.0576, 'f1': 0.106, 'auc': 0.6752}
val: {'epoch': 6, 'loss': 0.1482, 'lr': 0.0073, 'params': 329104, 'time_iter': 0.3622, 'accuracy': 0.9723, 'average_precision': 0.0733, 'precision': 0.2609, 'recall': 0.2222, 'f1': 0.24, 'auc': 0.6296}
train: {'epoch': 6, 'eta': 18844.3419, 'loss': 0.1473, 'lr': 0.0073, 'params': 329104, 'time_iter': 5.3929, 'accuracy': 0.9636, 'average_precision': 0.0725, 'precision': 0.6542, 'recall': 0.0568, 'f1': 0.1046, 'auc': 0.676}
val: {'epoch': 7, 'loss': 0.0869, 'lr': 0.0065, 'params': 329104, 'time_iter': 0.3533, 'accuracy': 0.9813, 'average_precision': 0.0944, 'precision': 0.625, 'recall': 0.1235, 'f1': 0.2062, 'auc': 0.7275}
train: {'epoch': 7, 'eta': 17299.3754, 'loss': 0.1442, 'lr': 0.0065, 'params': 329104, 'time_iter': 5.372, 'accuracy': 0.9635, 'average_precision': 0.0746, 'precision': 0.6172, 'recall': 0.0641, 'f1': 0.1162, 'auc': 0.7033}
val: {'epoch': 8, 'loss': 0.1464, 'lr': 0.0058, 'params': 329104, 'time_iter': 0.3613, 'accuracy': 0.9716, 'average_precision': 0.0541, 'precision': 0.2188, 'recall': 0.1728, 'f1': 0.1931, 'auc': 0.567}
train: {'epoch': 8, 'eta': 15794.143, 'loss': 0.1403, 'lr': 0.0058, 'params': 329104, 'time_iter': 5.3859, 'accuracy': 0.9637, 'average_precision': 0.0835, 'precision': 0.6164, 'recall': 0.0795, 'f1': 0.1409, 'auc': 0.7201}
val: {'epoch': 9, 'loss': 0.1144, 'lr': 0.005, 'params': 329104, 'time_iter': 0.3564, 'accuracy': 0.9762, 'average_precision': 0.0601, 'precision': 0.2927, 'recall': 0.1481, 'f1': 0.1967, 'auc': 0.7201}
train: {'epoch': 9, 'eta': 14338.8351, 'loss': 0.1396, 'lr': 0.005, 'params': 329104, 'time_iter': 5.4897, 'accuracy': 0.9643, 'average_precision': 0.095, 'precision': 0.6707, 'recall': 0.0909, 'f1': 0.1601, 'auc': 0.7188}
val: {'epoch': 10, 'loss': 0.0905, 'lr': 0.0042, 'params': 329104, 'time_iter': 0.3588, 'accuracy': 0.9813, 'average_precision': 0.0738, 'precision': 0.75, 'recall': 0.0741, 'f1': 0.1348, 'auc': 0.6702}
train: {'epoch': 10, 'eta': 12860.8618, 'loss': 0.1381, 'lr': 0.0042, 'params': 329104, 'time_iter': 5.3488, 'accuracy': 0.9647, 'average_precision': 0.1074, 'precision': 0.6856, 'recall': 0.108, 'f1': 0.1865, 'auc': 0.7221}
val: {'epoch': 11, 'loss': 0.0893, 'lr': 0.0035, 'params': 329104, 'time_iter': 0.3577, 'accuracy': 0.9808, 'average_precision': 0.0516, 'precision': 0.6667, 'recall': 0.0494, 'f1': 0.092, 'auc': 0.6748}
train: {'epoch': 11, 'eta': 11410.0067, 'loss': 0.137, 'lr': 0.0035, 'params': 329104, 'time_iter': 5.4115, 'accuracy': 0.9649, 'average_precision': 0.1097, 'precision': 0.7016, 'recall': 0.1088, 'f1': 0.1883, 'auc': 0.7336}
val: {'epoch': 12, 'loss': 0.0962, 'lr': 0.0027, 'params': 329104, 'time_iter': 0.3596, 'accuracy': 0.9796, 'average_precision': 0.0826, 'precision': 0.4444, 'recall': 0.1481, 'f1': 0.2222, 'auc': 0.7002}
train: {'epoch': 12, 'eta': 9971.7327, 'loss': 0.1351, 'lr': 0.0027, 'params': 329104, 'time_iter': 5.4416, 'accuracy': 0.965, 'average_precision': 0.1156, 'precision': 0.6884, 'recall': 0.1201, 'f1': 0.2046, 'auc': 0.7427}
val: {'epoch': 13, 'loss': 0.1068, 'lr': 0.0021, 'params': 329104, 'time_iter': 0.3579, 'accuracy': 0.9774, 'average_precision': 0.0662, 'precision': 0.3333, 'recall': 0.1481, 'f1': 0.2051, 'auc': 0.7073}
train: {'epoch': 13, 'eta': 8532.3313, 'loss': 0.1338, 'lr': 0.0021, 'params': 329104, 'time_iter': 5.387, 'accuracy': 0.9654, 'average_precision': 0.1226, 'precision': 0.7143, 'recall': 0.1258, 'f1': 0.2139, 'auc': 0.7488}
val: {'epoch': 14, 'loss': 0.0908, 'lr': 0.0015, 'params': 329104, 'time_iter': 0.3577, 'accuracy': 0.9793, 'average_precision': 0.0687, 'precision': 0.4167, 'recall': 0.1235, 'f1': 0.1905, 'auc': 0.7437}
train: {'epoch': 14, 'eta': 7108.5014, 'loss': 0.1322, 'lr': 0.0015, 'params': 329104, 'time_iter': 5.4912, 'accuracy': 0.9655, 'average_precision': 0.1281, 'precision': 0.6983, 'recall': 0.1372, 'f1': 0.2293, 'auc': 0.7592}
val: {'epoch': 15, 'loss': 0.0879, 'lr': 0.001, 'params': 329104, 'time_iter': 0.3604, 'accuracy': 0.9813, 'average_precision': 0.0889, 'precision': 0.6429, 'recall': 0.1111, 'f1': 0.1895, 'auc': 0.7327}
train: {'epoch': 15, 'eta': 5675.2897, 'loss': 0.1307, 'lr': 0.001, 'params': 329104, 'time_iter': 5.332, 'accuracy': 0.9656, 'average_precision': 0.13, 'precision': 0.7083, 'recall': 0.138, 'f1': 0.231, 'auc': 0.768}
val: {'epoch': 16, 'loss': 0.0854, 'lr': 0.0005, 'params': 329104, 'time_iter': 0.3543, 'accuracy': 0.9808, 'average_precision': 0.0858, 'precision': 0.5556, 'recall': 0.1235, 'f1': 0.202, 'auc': 0.7337}
train: {'epoch': 16, 'eta': 4249.7293, 'loss': 0.1286, 'lr': 0.0005, 'params': 329104, 'time_iter': 5.3513, 'accuracy': 0.9657, 'average_precision': 0.1341, 'precision': 0.7063, 'recall': 0.1445, 'f1': 0.2399, 'auc': 0.7751}
val: {'epoch': 17, 'loss': 0.0851, 'lr': 0.0002, 'params': 329104, 'time_iter': 0.3541, 'accuracy': 0.9798, 'average_precision': 0.0734, 'precision': 0.4545, 'recall': 0.1235, 'f1': 0.1942, 'auc': 0.7458}
train: {'epoch': 17, 'eta': 2829.8451, 'loss': 0.1266, 'lr': 0.0002, 'params': 329104, 'time_iter': 5.3752, 'accuracy': 0.9665, 'average_precision': 0.1529, 'precision': 0.7382, 'recall': 0.1648, 'f1': 0.2694, 'auc': 0.7807}
val: {'epoch': 18, 'loss': 0.0818, 'lr': 0.0001, 'params': 329104, 'time_iter': 0.3534, 'accuracy': 0.9813, 'average_precision': 0.0889, 'precision': 0.6429, 'recall': 0.1111, 'f1': 0.1895, 'auc': 0.7425}
train: {'epoch': 18, 'eta': 1413.4822, 'loss': 0.125, 'lr': 0.0001, 'params': 329104, 'time_iter': 5.3781, 'accuracy': 0.9665, 'average_precision': 0.1567, 'precision': 0.7176, 'recall': 0.1753, 'f1': 0.2818, 'auc': 0.7868}
val: {'epoch': 19, 'loss': 0.0854, 'lr': 0.0, 'params': 329104, 'time_iter': 0.3604, 'accuracy': 0.9796, 'average_precision': 0.0826, 'precision': 0.4444, 'recall': 0.1481, 'f1': 0.2222, 'auc': 0.7445}
train: {'epoch': 19, 'eta': 0.0, 'loss': 0.1239, 'lr': 0.0, 'params': 329104, 'time_iter': 5.4036, 'accuracy': 0.9666, 'average_precision': 0.1577, 'precision': 0.7171, 'recall': 0.1769, 'f1': 0.2839, 'auc': 0.7913}
test: {'epoch': 20, 'loss': 0.1179, 'lr': 0.0, 'params': 329104, 'time_iter': 0.5865, 'accuracy': 0.9713, 'average_precision': 0.1488, 'precision': 0.6667, 'recall': 0.1846, 'f1': 0.2892, 'auc': 0.7432}
